Starting up http-server, serving ./

http-server version: 14.1.1

http-server settings: 
CORS: disabled
Cache: 3600 seconds
Connection Timeout: 120 seconds
Directory Listings: visible
AutoIndex: visible
Serve GZIP Files: false
Serve Brotli Files: false
Default File Extension: none

Available on:
  http://127.0.0.1:8080
  http://192.168.19.128:8080
Hit CTRL-C to stop the server

[2022-09-02T00:38:02.700Z]  "GET /home/" "Mozilla/5.0 (X11; Linux x86_64; rv:103.0) Gecko/20100101 Firefox/103.0"
[2022-09-02T00:38:02.821Z]  "GET /style.css" "Mozilla/5.0 (X11; Linux x86_64; rv:103.0) Gecko/20100101 Firefox/103.0"
[2022-09-02T00:38:02.832Z]  "GET /home/home.css" "Mozilla/5.0 (X11; Linux x86_64; rv:103.0) Gecko/20100101 Firefox/103.0"
[2022-09-02T00:38:02.835Z]  "GET /home/home.js" "Mozilla/5.0 (X11; Linux x86_64; rv:103.0) Gecko/20100101 Firefox/103.0"
[2022-09-02T00:38:02.926Z]  "GET /resources/thumbnail-gravity-sim.png" "Mozilla/5.0 (X11; Linux x86_64; rv:103.0) Gecko/20100101 Firefox/103.0"
[2022-09-02T00:38:02.989Z]  "GET /favicon.ico" "Mozilla/5.0 (X11; Linux x86_64; rv:103.0) Gecko/20100101 Firefox/103.0"
[2022-09-02T00:38:38.153Z]  "GET /home/" "Mozilla/5.0 (X11; Linux x86_64; rv:103.0) Gecko/20100101 Firefox/103.0"
[2022-09-02T00:38:38.175Z]  "GET /style.css" "Mozilla/5.0 (X11; Linux x86_64; rv:103.0) Gecko/20100101 Firefox/103.0"
[2022-09-02T00:38:38.182Z]  "GET /home/home.css" "Mozilla/5.0 (X11; Linux x86_64; rv:103.0) Gecko/20100101 Firefox/103.0"
[2022-09-02T00:38:38.185Z]  "GET /home/home.js" "Mozilla/5.0 (X11; Linux x86_64; rv:103.0) Gecko/20100101 Firefox/103.0"
[2022-09-02T00:38:38.335Z]  "GET /resources/thumbnail-gravity-sim.png" "Mozilla/5.0 (X11; Linux x86_64; rv:103.0) Gecko/20100101 Firefox/103.0"
[2022-09-02T00:38:38.350Z]  "GET /favicon.ico" "Mozilla/5.0 (X11; Linux x86_64; rv:103.0) Gecko/20100101 Firefox/103.0"
[2022-09-02T00:38:40.167Z]  "GET /home/" "Mozilla/5.0 (X11; Linux x86_64; rv:103.0) Gecko/20100101 Firefox/103.0"
[2022-09-02T00:38:40.198Z]  "GET /style.css" "Mozilla/5.0 (X11; Linux x86_64; rv:103.0) Gecko/20100101 Firefox/103.0"
[2022-09-02T00:38:40.200Z]  "GET /home/home.css" "Mozilla/5.0 (X11; Linux x86_64; rv:103.0) Gecko/20100101 Firefox/103.0"
[2022-09-02T00:38:40.203Z]  "GET /home/home.js" "Mozilla/5.0 (X11; Linux x86_64; rv:103.0) Gecko/20100101 Firefox/103.0"
[2022-09-02T00:38:40.373Z]  "GET /resources/thumbnail-gravity-sim.png" "Mozilla/5.0 (X11; Linux x86_64; rv:103.0) Gecko/20100101 Firefox/103.0"
[2022-09-02T00:38:40.379Z]  "GET /favicon.ico" "Mozilla/5.0 (X11; Linux x86_64; rv:103.0) Gecko/20100101 Firefox/103.0"
[2022-09-02T00:38:41.187Z]  "GET /home/" "Mozilla/5.0 (X11; Linux x86_64; rv:103.0) Gecko/20100101 Firefox/103.0"
[2022-09-02T00:38:41.232Z]  "GET /style.css" "Mozilla/5.0 (X11; Linux x86_64; rv:103.0) Gecko/20100101 Firefox/103.0"
[2022-09-02T00:38:41.233Z]  "GET /home/home.css" "Mozilla/5.0 (X11; Linux x86_64; rv:103.0) Gecko/20100101 Firefox/103.0"
[2022-09-02T00:38:41.237Z]  "GET /home/home.js" "Mozilla/5.0 (X11; Linux x86_64; rv:103.0) Gecko/20100101 Firefox/103.0"
[2022-09-02T00:38:41.368Z]  "GET /resources/thumbnail-gravity-sim.png" "Mozilla/5.0 (X11; Linux x86_64; rv:103.0) Gecko/20100101 Firefox/103.0"
[2022-09-02T00:38:41.384Z]  "GET /favicon.ico" "Mozilla/5.0 (X11; Linux x86_64; rv:103.0) Gecko/20100101 Firefox/103.0"
[2022-09-02T00:38:45.696Z]  "GET /home/" "Mozilla/5.0 (X11; Linux x86_64; rv:103.0) Gecko/20100101 Firefox/103.0"
[2022-09-02T00:38:45.714Z]  "GET /style.css" "Mozilla/5.0 (X11; Linux x86_64; rv:103.0) Gecko/20100101 Firefox/103.0"
[2022-09-02T00:38:45.715Z]  "GET /home/home.css" "Mozilla/5.0 (X11; Linux x86_64; rv:103.0) Gecko/20100101 Firefox/103.0"
[2022-09-02T00:38:45.719Z]  "GET /home/home.js" "Mozilla/5.0 (X11; Linux x86_64; rv:103.0) Gecko/20100101 Firefox/103.0"
[2022-09-02T00:38:45.918Z]  "GET /resources/thumbnail-gravity-sim.png" "Mozilla/5.0 (X11; Linux x86_64; rv:103.0) Gecko/20100101 Firefox/103.0"
[2022-09-02T00:38:45.927Z]  "GET /favicon.ico" "Mozilla/5.0 (X11; Linux x86_64; rv:103.0) Gecko/20100101 Firefox/103.0"
[2022-09-02T00:38:47.818Z]  "GET /gravity" "Mozilla/5.0 (X11; Linux x86_64; rv:103.0) Gecko/20100101 Firefox/103.0"
[2022-09-02T00:38:47.826Z]  "GET /gravity/" "Mozilla/5.0 (X11; Linux x86_64; rv:103.0) Gecko/20100101 Firefox/103.0"
[2022-09-02T00:38:47.886Z]  "GET /gravity/gravity.css" "Mozilla/5.0 (X11; Linux x86_64; rv:103.0) Gecko/20100101 Firefox/103.0"
[2022-09-02T00:38:47.889Z]  "GET /dat.gui.min.js" "Mozilla/5.0 (X11; Linux x86_64; rv:103.0) Gecko/20100101 Firefox/103.0"
[2022-09-02T00:38:47.895Z]  "GET /gravity/gravity.js" "Mozilla/5.0 (X11; Linux x86_64; rv:103.0) Gecko/20100101 Firefox/103.0"
[2022-09-02T00:38:47.910Z]  "GET /resources/pause.png" "Mozilla/5.0 (X11; Linux x86_64; rv:103.0) Gecko/20100101 Firefox/103.0"
[2022-09-02T00:38:50.410Z]  "GET /" "Mozilla/5.0 (X11; Linux x86_64; rv:103.0) Gecko/20100101 Firefox/103.0"
[2022-09-02T00:38:50.484Z]  "GET /home" "Mozilla/5.0 (X11; Linux x86_64; rv:103.0) Gecko/20100101 Firefox/103.0"
[2022-09-02T00:38:52.530Z]  "GET /home/" "Mozilla/5.0 (X11; Linux x86_64; rv:103.0) Gecko/20100101 Firefox/103.0"
[2022-09-02T00:38:52.550Z]  "GET /style.css" "Mozilla/5.0 (X11; Linux x86_64; rv:103.0) Gecko/20100101 Firefox/103.0"
[2022-09-02T00:38:52.552Z]  "GET /home/home.css" "Mozilla/5.0 (X11; Linux x86_64; rv:103.0) Gecko/20100101 Firefox/103.0"
[2022-09-02T00:38:52.553Z]  "GET /home/home.js" "Mozilla/5.0 (X11; Linux x86_64; rv:103.0) Gecko/20100101 Firefox/103.0"
[2022-09-02T00:38:52.723Z]  "GET /resources/thumbnail-gravity-sim.png" "Mozilla/5.0 (X11; Linux x86_64; rv:103.0) Gecko/20100101 Firefox/103.0"
[2022-09-02T00:38:52.734Z]  "GET /favicon.ico" "Mozilla/5.0 (X11; Linux x86_64; rv:103.0) Gecko/20100101 Firefox/103.0"
[2022-09-02T00:41:45.851Z]  "GET /" "Mozilla/5.0 (X11; Linux x86_64; rv:103.0) Gecko/20100101 Firefox/103.0"
[2022-09-02T00:41:45.893Z]  "GET /home" "Mozilla/5.0 (X11; Linux x86_64; rv:103.0) Gecko/20100101 Firefox/103.0"
[2022-09-02T00:41:45.895Z]  "GET /home/" "Mozilla/5.0 (X11; Linux x86_64; rv:103.0) Gecko/20100101 Firefox/103.0"
[2022-09-02T00:41:45.910Z]  "GET /style.css" "Mozilla/5.0 (X11; Linux x86_64; rv:103.0) Gecko/20100101 Firefox/103.0"
[2022-09-02T00:41:45.913Z]  "GET /home/home.css" "Mozilla/5.0 (X11; Linux x86_64; rv:103.0) Gecko/20100101 Firefox/103.0"
[2022-09-02T00:41:45.915Z]  "GET /home/home.js" "Mozilla/5.0 (X11; Linux x86_64; rv:103.0) Gecko/20100101 Firefox/103.0"
[2022-09-02T00:41:46.157Z]  "GET /resources/thumbnail-gravity-sim.png" "Mozilla/5.0 (X11; Linux x86_64; rv:103.0) Gecko/20100101 Firefox/103.0"
[2022-09-02T01:00:11.337Z]  "GET /home/" "Mozilla/5.0 (X11; Linux x86_64; rv:103.0) Gecko/20100101 Firefox/103.0"
[2022-09-02T01:00:11.646Z]  "GET /style.css" "Mozilla/5.0 (X11; Linux x86_64; rv:103.0) Gecko/20100101 Firefox/103.0"
[2022-09-02T01:00:11.684Z]  "GET /home/home.css" "Mozilla/5.0 (X11; Linux x86_64; rv:103.0) Gecko/20100101 Firefox/103.0"
[2022-09-02T01:00:11.687Z]  "GET /home/home.js" "Mozilla/5.0 (X11; Linux x86_64; rv:103.0) Gecko/20100101 Firefox/103.0"
[2022-09-02T01:00:11.926Z]  "GET /resources/thumbnail-gravity-sim.png" "Mozilla/5.0 (X11; Linux x86_64; rv:103.0) Gecko/20100101 Firefox/103.0"
[2022-09-02T01:00:11.935Z]  "GET /favicon.ico" "Mozilla/5.0 (X11; Linux x86_64; rv:103.0) Gecko/20100101 Firefox/103.0"
[2022-09-02T01:01:38.110Z]  "GET /home/" "Mozilla/5.0 (X11; Linux x86_64; rv:103.0) Gecko/20100101 Firefox/103.0"
[2022-09-02T01:01:38.195Z]  "GET /style.css" "Mozilla/5.0 (X11; Linux x86_64; rv:103.0) Gecko/20100101 Firefox/103.0"
[2022-09-02T01:01:38.197Z]  "GET /home/home.js" "Mozilla/5.0 (X11; Linux x86_64; rv:103.0) Gecko/20100101 Firefox/103.0"
[2022-09-02T01:01:38.198Z]  "GET /home/home.css" "Mozilla/5.0 (X11; Linux x86_64; rv:103.0) Gecko/20100101 Firefox/103.0"
[2022-09-02T01:01:38.513Z]  "GET /resources/thumbnail-gravity-sim.png" "Mozilla/5.0 (X11; Linux x86_64; rv:103.0) Gecko/20100101 Firefox/103.0"
[2022-09-02T01:01:38.530Z]  "GET /favicon.ico" "Mozilla/5.0 (X11; Linux x86_64; rv:103.0) Gecko/20100101 Firefox/103.0"
[2022-09-02T01:02:15.457Z]  "GET /home/" "Mozilla/5.0 (X11; Linux x86_64; rv:103.0) Gecko/20100101 Firefox/103.0"
[2022-09-02T01:02:15.533Z]  "GET /style.css" "Mozilla/5.0 (X11; Linux x86_64; rv:103.0) Gecko/20100101 Firefox/103.0"
[2022-09-02T01:02:15.535Z]  "GET /home/home.css" "Mozilla/5.0 (X11; Linux x86_64; rv:103.0) Gecko/20100101 Firefox/103.0"
[2022-09-02T01:02:15.539Z]  "GET /home/home.js" "Mozilla/5.0 (X11; Linux x86_64; rv:103.0) Gecko/20100101 Firefox/103.0"
[2022-09-02T01:02:15.682Z]  "GET /resources/thumbnail-gravity-sim.png" "Mozilla/5.0 (X11; Linux x86_64; rv:103.0) Gecko/20100101 Firefox/103.0"
[2022-09-02T01:02:15.699Z]  "GET /favicon.ico" "Mozilla/5.0 (X11; Linux x86_64; rv:103.0) Gecko/20100101 Firefox/103.0"
[2022-09-02T01:08:43.812Z]  "GET /home/" "Mozilla/5.0 (X11; Linux x86_64; rv:103.0) Gecko/20100101 Firefox/103.0"
[2022-09-02T01:08:43.944Z]  "GET /style.css" "Mozilla/5.0 (X11; Linux x86_64; rv:103.0) Gecko/20100101 Firefox/103.0"
[2022-09-02T01:08:43.946Z]  "GET /home/home.css" "Mozilla/5.0 (X11; Linux x86_64; rv:103.0) Gecko/20100101 Firefox/103.0"
[2022-09-02T01:08:43.949Z]  "GET /home/home.js" "Mozilla/5.0 (X11; Linux x86_64; rv:103.0) Gecko/20100101 Firefox/103.0"
[2022-09-02T01:08:44.172Z]  "GET /resources/thumbnail-gravity-sim.png" "Mozilla/5.0 (X11; Linux x86_64; rv:103.0) Gecko/20100101 Firefox/103.0"
[2022-09-02T01:08:44.242Z]  "GET /favicon.ico" "Mozilla/5.0 (X11; Linux x86_64; rv:103.0) Gecko/20100101 Firefox/103.0"
[2022-09-02T01:08:46.268Z]  "GET /home/" "Mozilla/5.0 (X11; Linux x86_64; rv:103.0) Gecko/20100101 Firefox/103.0"
[2022-09-02T01:08:46.339Z]  "GET /style.css" "Mozilla/5.0 (X11; Linux x86_64; rv:103.0) Gecko/20100101 Firefox/103.0"
[2022-09-02T01:08:46.340Z]  "GET /home/home.css" "Mozilla/5.0 (X11; Linux x86_64; rv:103.0) Gecko/20100101 Firefox/103.0"
[2022-09-02T01:08:46.343Z]  "GET /home/home.js" "Mozilla/5.0 (X11; Linux x86_64; rv:103.0) Gecko/20100101 Firefox/103.0"
[2022-09-02T01:08:46.577Z]  "GET /resources/thumbnail-gravity-sim.png" "Mozilla/5.0 (X11; Linux x86_64; rv:103.0) Gecko/20100101 Firefox/103.0"
[2022-09-02T01:08:46.595Z]  "GET /favicon.ico" "Mozilla/5.0 (X11; Linux x86_64; rv:103.0) Gecko/20100101 Firefox/103.0"
[2022-09-02T01:09:36.215Z]  "GET /home/" "Mozilla/5.0 (X11; Linux x86_64; rv:103.0) Gecko/20100101 Firefox/103.0"
[2022-09-02T01:09:36.291Z]  "GET /style.css" "Mozilla/5.0 (X11; Linux x86_64; rv:103.0) Gecko/20100101 Firefox/103.0"
[2022-09-02T01:09:36.292Z]  "GET /home/home.css" "Mozilla/5.0 (X11; Linux x86_64; rv:103.0) Gecko/20100101 Firefox/103.0"
[2022-09-02T01:09:36.302Z]  "GET /home/home.js" "Mozilla/5.0 (X11; Linux x86_64; rv:103.0) Gecko/20100101 Firefox/103.0"
[2022-09-02T01:09:36.457Z]  "GET /resources/thumbnail-gravity-sim.png" "Mozilla/5.0 (X11; Linux x86_64; rv:103.0) Gecko/20100101 Firefox/103.0"
[2022-09-02T01:09:36.476Z]  "GET /favicon.ico" "Mozilla/5.0 (X11; Linux x86_64; rv:103.0) Gecko/20100101 Firefox/103.0"
[2022-09-02T01:09:39.311Z]  "GET /home/" "Mozilla/5.0 (X11; Linux x86_64; rv:103.0) Gecko/20100101 Firefox/103.0"
[2022-09-02T01:09:39.377Z]  "GET /style.css" "Mozilla/5.0 (X11; Linux x86_64; rv:103.0) Gecko/20100101 Firefox/103.0"
[2022-09-02T01:09:39.379Z]  "GET /home/home.css" "Mozilla/5.0 (X11; Linux x86_64; rv:103.0) Gecko/20100101 Firefox/103.0"
[2022-09-02T01:09:39.385Z]  "GET /home/home.js" "Mozilla/5.0 (X11; Linux x86_64; rv:103.0) Gecko/20100101 Firefox/103.0"
[2022-09-02T01:09:39.543Z]  "GET /resources/thumbnail-gravity-sim.png" "Mozilla/5.0 (X11; Linux x86_64; rv:103.0) Gecko/20100101 Firefox/103.0"
[2022-09-02T01:09:39.556Z]  "GET /favicon.ico" "Mozilla/5.0 (X11; Linux x86_64; rv:103.0) Gecko/20100101 Firefox/103.0"
[2022-09-02T01:09:40.936Z]  "GET /home/" "Mozilla/5.0 (X11; Linux x86_64; rv:103.0) Gecko/20100101 Firefox/103.0"
[2022-09-02T01:09:40.992Z]  "GET /style.css" "Mozilla/5.0 (X11; Linux x86_64; rv:103.0) Gecko/20100101 Firefox/103.0"
[2022-09-02T01:09:40.993Z]  "GET /home/home.css" "Mozilla/5.0 (X11; Linux x86_64; rv:103.0) Gecko/20100101 Firefox/103.0"
[2022-09-02T01:09:40.997Z]  "GET /home/home.js" "Mozilla/5.0 (X11; Linux x86_64; rv:103.0) Gecko/20100101 Firefox/103.0"
[2022-09-02T01:09:41.272Z]  "GET /resources/thumbnail-gravity-sim.png" "Mozilla/5.0 (X11; Linux x86_64; rv:103.0) Gecko/20100101 Firefox/103.0"
[2022-09-02T01:09:41.280Z]  "GET /favicon.ico" "Mozilla/5.0 (X11; Linux x86_64; rv:103.0) Gecko/20100101 Firefox/103.0"
[2022-09-02T01:11:01.509Z]  "GET /home/" "Mozilla/5.0 (X11; Linux x86_64; rv:103.0) Gecko/20100101 Firefox/103.0"
[2022-09-02T01:11:01.614Z]  "GET /style.css" "Mozilla/5.0 (X11; Linux x86_64; rv:103.0) Gecko/20100101 Firefox/103.0"
[2022-09-02T01:11:01.625Z]  "GET /home/home.css" "Mozilla/5.0 (X11; Linux x86_64; rv:103.0) Gecko/20100101 Firefox/103.0"
[2022-09-02T01:11:01.627Z]  "GET /home/home.js" "Mozilla/5.0 (X11; Linux x86_64; rv:103.0) Gecko/20100101 Firefox/103.0"
[2022-09-02T01:11:01.810Z]  "GET /resources/thumbnail-gravity-sim.png" "Mozilla/5.0 (X11; Linux x86_64; rv:103.0) Gecko/20100101 Firefox/103.0"
[2022-09-02T01:11:01.832Z]  "GET /favicon.ico" "Mozilla/5.0 (X11; Linux x86_64; rv:103.0) Gecko/20100101 Firefox/103.0"
[2022-09-02T01:13:10.985Z]  "GET /home/" "Mozilla/5.0 (X11; Linux x86_64; rv:103.0) Gecko/20100101 Firefox/103.0"
[2022-09-02T01:13:11.079Z]  "GET /style.css" "Mozilla/5.0 (X11; Linux x86_64; rv:103.0) Gecko/20100101 Firefox/103.0"
[2022-09-02T01:13:11.081Z]  "GET /home/home.css" "Mozilla/5.0 (X11; Linux x86_64; rv:103.0) Gecko/20100101 Firefox/103.0"
[2022-09-02T01:13:11.086Z]  "GET /home/home.js" "Mozilla/5.0 (X11; Linux x86_64; rv:103.0) Gecko/20100101 Firefox/103.0"
[2022-09-02T01:13:11.562Z]  "GET /resources/thumbnail-gravity-sim.png" "Mozilla/5.0 (X11; Linux x86_64; rv:103.0) Gecko/20100101 Firefox/103.0"
[2022-09-02T01:13:11.713Z]  "GET /favicon.ico" "Mozilla/5.0 (X11; Linux x86_64; rv:103.0) Gecko/20100101 Firefox/103.0"
[2022-09-02T01:13:34.780Z]  "GET /home/" "Mozilla/5.0 (X11; Linux x86_64; rv:103.0) Gecko/20100101 Firefox/103.0"
[2022-09-02T01:13:34.860Z]  "GET /style.css" "Mozilla/5.0 (X11; Linux x86_64; rv:103.0) Gecko/20100101 Firefox/103.0"
[2022-09-02T01:13:34.862Z]  "GET /home/home.css" "Mozilla/5.0 (X11; Linux x86_64; rv:103.0) Gecko/20100101 Firefox/103.0"
[2022-09-02T01:13:34.865Z]  "GET /home/home.js" "Mozilla/5.0 (X11; Linux x86_64; rv:103.0) Gecko/20100101 Firefox/103.0"
[2022-09-02T01:13:35.033Z]  "GET /resources/thumbnail-gravity-sim.png" "Mozilla/5.0 (X11; Linux x86_64; rv:103.0) Gecko/20100101 Firefox/103.0"
[2022-09-02T01:13:35.044Z]  "GET /favicon.ico" "Mozilla/5.0 (X11; Linux x86_64; rv:103.0) Gecko/20100101 Firefox/103.0"
[2022-09-02T01:17:10.195Z]  "GET /home/" "Mozilla/5.0 (X11; Linux x86_64; rv:103.0) Gecko/20100101 Firefox/103.0"
[2022-09-02T01:17:10.378Z]  "GET /style.css" "Mozilla/5.0 (X11; Linux x86_64; rv:103.0) Gecko/20100101 Firefox/103.0"
[2022-09-02T01:17:10.380Z]  "GET /home/home.css" "Mozilla/5.0 (X11; Linux x86_64; rv:103.0) Gecko/20100101 Firefox/103.0"
[2022-09-02T01:17:10.383Z]  "GET /home/home.js" "Mozilla/5.0 (X11; Linux x86_64; rv:103.0) Gecko/20100101 Firefox/103.0"
[2022-09-02T01:17:10.541Z]  "GET /resources/thumbnail-gravity-sim.png" "Mozilla/5.0 (X11; Linux x86_64; rv:103.0) Gecko/20100101 Firefox/103.0"
[2022-09-02T01:17:10.569Z]  "GET /favicon.ico" "Mozilla/5.0 (X11; Linux x86_64; rv:103.0) Gecko/20100101 Firefox/103.0"
[2022-09-02T01:18:37.930Z]  "GET /home/" "Mozilla/5.0 (X11; Linux x86_64; rv:103.0) Gecko/20100101 Firefox/103.0"
[2022-09-02T01:18:38.061Z]  "GET /style.css" "Mozilla/5.0 (X11; Linux x86_64; rv:103.0) Gecko/20100101 Firefox/103.0"
[2022-09-02T01:18:38.063Z]  "GET /home/home.css" "Mozilla/5.0 (X11; Linux x86_64; rv:103.0) Gecko/20100101 Firefox/103.0"
[2022-09-02T01:18:38.066Z]  "GET /home/home.js" "Mozilla/5.0 (X11; Linux x86_64; rv:103.0) Gecko/20100101 Firefox/103.0"
[2022-09-02T01:18:38.705Z]  "GET /resources/thumbnail-gravity-sim.png" "Mozilla/5.0 (X11; Linux x86_64; rv:103.0) Gecko/20100101 Firefox/103.0"
[2022-09-02T01:18:38.776Z]  "GET /favicon.ico" "Mozilla/5.0 (X11; Linux x86_64; rv:103.0) Gecko/20100101 Firefox/103.0"
[2022-09-02T01:25:15.668Z]  "GET /home/" "Mozilla/5.0 (X11; Linux x86_64; rv:103.0) Gecko/20100101 Firefox/103.0"
[2022-09-02T01:25:15.785Z]  "GET /style.css" "Mozilla/5.0 (X11; Linux x86_64; rv:103.0) Gecko/20100101 Firefox/103.0"
[2022-09-02T01:25:15.787Z]  "GET /home/home.css" "Mozilla/5.0 (X11; Linux x86_64; rv:103.0) Gecko/20100101 Firefox/103.0"
[2022-09-02T01:25:15.791Z]  "GET /home/home.js" "Mozilla/5.0 (X11; Linux x86_64; rv:103.0) Gecko/20100101 Firefox/103.0"
[2022-09-02T01:25:16.032Z]  "GET /resources/thumbnail-gravity-sim.png" "Mozilla/5.0 (X11; Linux x86_64; rv:103.0) Gecko/20100101 Firefox/103.0"
[2022-09-02T01:25:16.040Z]  "GET /favicon.ico" "Mozilla/5.0 (X11; Linux x86_64; rv:103.0) Gecko/20100101 Firefox/103.0"
[2022-09-02T01:26:01.781Z]  "GET /home/" "Mozilla/5.0 (X11; Linux x86_64; rv:103.0) Gecko/20100101 Firefox/103.0"
[2022-09-02T01:26:01.863Z]  "GET /style.css" "Mozilla/5.0 (X11; Linux x86_64; rv:103.0) Gecko/20100101 Firefox/103.0"
[2022-09-02T01:26:01.865Z]  "GET /home/home.css" "Mozilla/5.0 (X11; Linux x86_64; rv:103.0) Gecko/20100101 Firefox/103.0"
[2022-09-02T01:26:01.867Z]  "GET /home/home.js" "Mozilla/5.0 (X11; Linux x86_64; rv:103.0) Gecko/20100101 Firefox/103.0"
[2022-09-02T01:26:02.039Z]  "GET /resources/thumbnail-gravity-sim.png" "Mozilla/5.0 (X11; Linux x86_64; rv:103.0) Gecko/20100101 Firefox/103.0"
[2022-09-02T01:26:02.168Z]  "GET /favicon.ico" "Mozilla/5.0 (X11; Linux x86_64; rv:103.0) Gecko/20100101 Firefox/103.0"
[2022-09-02T01:27:15.689Z]  "GET /home/" "Mozilla/5.0 (X11; Linux x86_64; rv:103.0) Gecko/20100101 Firefox/103.0"
[2022-09-02T01:27:15.753Z]  "GET /style.css" "Mozilla/5.0 (X11; Linux x86_64; rv:103.0) Gecko/20100101 Firefox/103.0"
[2022-09-02T01:27:15.755Z]  "GET /home/home.css" "Mozilla/5.0 (X11; Linux x86_64; rv:103.0) Gecko/20100101 Firefox/103.0"
[2022-09-02T01:27:15.756Z]  "GET /home/home.js" "Mozilla/5.0 (X11; Linux x86_64; rv:103.0) Gecko/20100101 Firefox/103.0"
[2022-09-02T01:27:15.955Z]  "GET /resources/thumbnail-gravity-sim.png" "Mozilla/5.0 (X11; Linux x86_64; rv:103.0) Gecko/20100101 Firefox/103.0"
[2022-09-02T01:27:15.967Z]  "GET /favicon.ico" "Mozilla/5.0 (X11; Linux x86_64; rv:103.0) Gecko/20100101 Firefox/103.0"
[2022-09-02T01:27:48.197Z]  "GET /home/" "Mozilla/5.0 (X11; Linux x86_64; rv:103.0) Gecko/20100101 Firefox/103.0"
[2022-09-02T01:27:48.270Z]  "GET /style.css" "Mozilla/5.0 (X11; Linux x86_64; rv:103.0) Gecko/20100101 Firefox/103.0"
[2022-09-02T01:27:48.272Z]  "GET /home/home.css" "Mozilla/5.0 (X11; Linux x86_64; rv:103.0) Gecko/20100101 Firefox/103.0"
[2022-09-02T01:27:48.277Z]  "GET /home/home.js" "Mozilla/5.0 (X11; Linux x86_64; rv:103.0) Gecko/20100101 Firefox/103.0"
[2022-09-02T01:27:48.455Z]  "GET /resources/thumbnail-gravity-sim.png" "Mozilla/5.0 (X11; Linux x86_64; rv:103.0) Gecko/20100101 Firefox/103.0"
[2022-09-02T01:27:48.464Z]  "GET /favicon.ico" "Mozilla/5.0 (X11; Linux x86_64; rv:103.0) Gecko/20100101 Firefox/103.0"
[2022-09-02T01:28:50.834Z]  "GET /home/" "Mozilla/5.0 (X11; Linux x86_64; rv:103.0) Gecko/20100101 Firefox/103.0"
[2022-09-02T01:28:50.911Z]  "GET /style.css" "Mozilla/5.0 (X11; Linux x86_64; rv:103.0) Gecko/20100101 Firefox/103.0"
[2022-09-02T01:28:50.912Z]  "GET /home/home.css" "Mozilla/5.0 (X11; Linux x86_64; rv:103.0) Gecko/20100101 Firefox/103.0"
[2022-09-02T01:28:50.914Z]  "GET /home/home.js" "Mozilla/5.0 (X11; Linux x86_64; rv:103.0) Gecko/20100101 Firefox/103.0"
[2022-09-02T01:28:51.163Z]  "GET /resources/thumbnail-gravity-sim.png" "Mozilla/5.0 (X11; Linux x86_64; rv:103.0) Gecko/20100101 Firefox/103.0"
[2022-09-02T01:28:51.197Z]  "GET /favicon.ico" "Mozilla/5.0 (X11; Linux x86_64; rv:103.0) Gecko/20100101 Firefox/103.0"
[2022-09-02T01:29:28.898Z]  "GET /home/" "Mozilla/5.0 (X11; Linux x86_64; rv:103.0) Gecko/20100101 Firefox/103.0"
[2022-09-02T01:29:28.979Z]  "GET /style.css" "Mozilla/5.0 (X11; Linux x86_64; rv:103.0) Gecko/20100101 Firefox/103.0"
[2022-09-02T01:29:28.986Z]  "GET /home/home.css" "Mozilla/5.0 (X11; Linux x86_64; rv:103.0) Gecko/20100101 Firefox/103.0"
[2022-09-02T01:29:28.989Z]  "GET /home/home.js" "Mozilla/5.0 (X11; Linux x86_64; rv:103.0) Gecko/20100101 Firefox/103.0"
[2022-09-02T01:29:29.303Z]  "GET /resources/thumbnail-gravity-sim.png" "Mozilla/5.0 (X11; Linux x86_64; rv:103.0) Gecko/20100101 Firefox/103.0"
[2022-09-02T01:29:29.409Z]  "GET /favicon.ico" "Mozilla/5.0 (X11; Linux x86_64; rv:103.0) Gecko/20100101 Firefox/103.0"
[2022-09-02T01:29:45.393Z]  "GET /home/" "Mozilla/5.0 (X11; Linux x86_64; rv:103.0) Gecko/20100101 Firefox/103.0"
[2022-09-02T01:29:45.475Z]  "GET /style.css" "Mozilla/5.0 (X11; Linux x86_64; rv:103.0) Gecko/20100101 Firefox/103.0"
[2022-09-02T01:29:45.477Z]  "GET /home/home.css" "Mozilla/5.0 (X11; Linux x86_64; rv:103.0) Gecko/20100101 Firefox/103.0"
[2022-09-02T01:29:45.485Z]  "GET /home/home.js" "Mozilla/5.0 (X11; Linux x86_64; rv:103.0) Gecko/20100101 Firefox/103.0"
[2022-09-02T01:29:45.666Z]  "GET /resources/thumbnail-gravity-sim.png" "Mozilla/5.0 (X11; Linux x86_64; rv:103.0) Gecko/20100101 Firefox/103.0"
[2022-09-02T01:29:45.679Z]  "GET /favicon.ico" "Mozilla/5.0 (X11; Linux x86_64; rv:103.0) Gecko/20100101 Firefox/103.0"
[2022-09-02T01:34:21.213Z]  "GET /home/" "Mozilla/5.0 (X11; Linux x86_64; rv:103.0) Gecko/20100101 Firefox/103.0"
[2022-09-02T01:34:21.305Z]  "GET /style.css" "Mozilla/5.0 (X11; Linux x86_64; rv:103.0) Gecko/20100101 Firefox/103.0"
[2022-09-02T01:34:21.309Z]  "GET /home/home.css" "Mozilla/5.0 (X11; Linux x86_64; rv:103.0) Gecko/20100101 Firefox/103.0"
[2022-09-02T01:34:21.318Z]  "GET /home/home.js" "Mozilla/5.0 (X11; Linux x86_64; rv:103.0) Gecko/20100101 Firefox/103.0"
[2022-09-02T01:34:21.818Z]  "GET /resources/thumbnail-gravity-sim.png" "Mozilla/5.0 (X11; Linux x86_64; rv:103.0) Gecko/20100101 Firefox/103.0"
[2022-09-02T01:34:21.841Z]  "GET /favicon.ico" "Mozilla/5.0 (X11; Linux x86_64; rv:103.0) Gecko/20100101 Firefox/103.0"
[2022-09-02T01:34:27.446Z]  "GET /home/" "Mozilla/5.0 (X11; Linux x86_64; rv:103.0) Gecko/20100101 Firefox/103.0"
[2022-09-02T01:34:27.529Z]  "GET /style.css" "Mozilla/5.0 (X11; Linux x86_64; rv:103.0) Gecko/20100101 Firefox/103.0"
[2022-09-02T01:34:27.532Z]  "GET /home/home.css" "Mozilla/5.0 (X11; Linux x86_64; rv:103.0) Gecko/20100101 Firefox/103.0"
[2022-09-02T01:34:27.534Z]  "GET /home/home.js" "Mozilla/5.0 (X11; Linux x86_64; rv:103.0) Gecko/20100101 Firefox/103.0"
[2022-09-02T01:34:27.715Z]  "GET /resources/thumbnail-gravity-sim.png" "Mozilla/5.0 (X11; Linux x86_64; rv:103.0) Gecko/20100101 Firefox/103.0"
[2022-09-02T01:34:27.732Z]  "GET /favicon.ico" "Mozilla/5.0 (X11; Linux x86_64; rv:103.0) Gecko/20100101 Firefox/103.0"
[2022-09-02T01:34:33.387Z]  "GET /home/" "Mozilla/5.0 (X11; Linux x86_64; rv:103.0) Gecko/20100101 Firefox/103.0"
[2022-09-02T01:34:33.454Z]  "GET /style.css" "Mozilla/5.0 (X11; Linux x86_64; rv:103.0) Gecko/20100101 Firefox/103.0"
[2022-09-02T01:34:33.464Z]  "GET /home/home.css" "Mozilla/5.0 (X11; Linux x86_64; rv:103.0) Gecko/20100101 Firefox/103.0"
[2022-09-02T01:34:33.467Z]  "GET /home/home.js" "Mozilla/5.0 (X11; Linux x86_64; rv:103.0) Gecko/20100101 Firefox/103.0"
[2022-09-02T01:34:33.749Z]  "GET /resources/thumbnail-gravity-sim.png" "Mozilla/5.0 (X11; Linux x86_64; rv:103.0) Gecko/20100101 Firefox/103.0"
[2022-09-02T01:34:33.766Z]  "GET /favicon.ico" "Mozilla/5.0 (X11; Linux x86_64; rv:103.0) Gecko/20100101 Firefox/103.0"
[2022-09-02T01:35:04.271Z]  "GET /home/" "Mozilla/5.0 (X11; Linux x86_64; rv:103.0) Gecko/20100101 Firefox/103.0"
[2022-09-02T01:35:04.354Z]  "GET /style.css" "Mozilla/5.0 (X11; Linux x86_64; rv:103.0) Gecko/20100101 Firefox/103.0"
[2022-09-02T01:35:04.355Z]  "GET /home/home.css" "Mozilla/5.0 (X11; Linux x86_64; rv:103.0) Gecko/20100101 Firefox/103.0"
[2022-09-02T01:35:04.363Z]  "GET /home/home.js" "Mozilla/5.0 (X11; Linux x86_64; rv:103.0) Gecko/20100101 Firefox/103.0"
[2022-09-02T01:35:04.571Z]  "GET /resources/thumbnail-gravity-sim.png" "Mozilla/5.0 (X11; Linux x86_64; rv:103.0) Gecko/20100101 Firefox/103.0"
[2022-09-02T01:35:04.682Z]  "GET /favicon.ico" "Mozilla/5.0 (X11; Linux x86_64; rv:103.0) Gecko/20100101 Firefox/103.0"
[2022-09-02T01:36:31.974Z]  "GET /home/" "Mozilla/5.0 (X11; Linux x86_64; rv:103.0) Gecko/20100101 Firefox/103.0"
[2022-09-02T01:36:32.050Z]  "GET /style.css" "Mozilla/5.0 (X11; Linux x86_64; rv:103.0) Gecko/20100101 Firefox/103.0"
[2022-09-02T01:36:32.059Z]  "GET /home/home.css" "Mozilla/5.0 (X11; Linux x86_64; rv:103.0) Gecko/20100101 Firefox/103.0"
[2022-09-02T01:36:32.063Z]  "GET /home/home.js" "Mozilla/5.0 (X11; Linux x86_64; rv:103.0) Gecko/20100101 Firefox/103.0"
[2022-09-02T01:36:32.350Z]  "GET /resources/thumbnail-gravity-sim.png" "Mozilla/5.0 (X11; Linux x86_64; rv:103.0) Gecko/20100101 Firefox/103.0"
[2022-09-02T01:36:32.398Z]  "GET /favicon.ico" "Mozilla/5.0 (X11; Linux x86_64; rv:103.0) Gecko/20100101 Firefox/103.0"
[2022-09-02T01:36:54.494Z]  "GET /home/" "Mozilla/5.0 (X11; Linux x86_64; rv:103.0) Gecko/20100101 Firefox/103.0"
[2022-09-02T01:36:54.595Z]  "GET /style.css" "Mozilla/5.0 (X11; Linux x86_64; rv:103.0) Gecko/20100101 Firefox/103.0"
[2022-09-02T01:36:54.597Z]  "GET /home/home.css" "Mozilla/5.0 (X11; Linux x86_64; rv:103.0) Gecko/20100101 Firefox/103.0"
[2022-09-02T01:36:54.609Z]  "GET /home/home.js" "Mozilla/5.0 (X11; Linux x86_64; rv:103.0) Gecko/20100101 Firefox/103.0"
[2022-09-02T01:36:55.021Z]  "GET /resources/thumbnail-gravity-sim.png" "Mozilla/5.0 (X11; Linux x86_64; rv:103.0) Gecko/20100101 Firefox/103.0"
[2022-09-02T01:36:55.046Z]  "GET /favicon.ico" "Mozilla/5.0 (X11; Linux x86_64; rv:103.0) Gecko/20100101 Firefox/103.0"
[2022-09-02T01:38:03.239Z]  "GET /home/" "Mozilla/5.0 (X11; Linux x86_64; rv:103.0) Gecko/20100101 Firefox/103.0"
[2022-09-02T01:38:03.316Z]  "GET /style.css" "Mozilla/5.0 (X11; Linux x86_64; rv:103.0) Gecko/20100101 Firefox/103.0"
[2022-09-02T01:38:03.319Z]  "GET /home/home.css" "Mozilla/5.0 (X11; Linux x86_64; rv:103.0) Gecko/20100101 Firefox/103.0"
[2022-09-02T01:38:03.322Z]  "GET /home/home.js" "Mozilla/5.0 (X11; Linux x86_64; rv:103.0) Gecko/20100101 Firefox/103.0"
[2022-09-02T01:38:03.539Z]  "GET /resources/thumbnail-gravity-sim.png" "Mozilla/5.0 (X11; Linux x86_64; rv:103.0) Gecko/20100101 Firefox/103.0"
[2022-09-02T01:38:03.550Z]  "GET /favicon.ico" "Mozilla/5.0 (X11; Linux x86_64; rv:103.0) Gecko/20100101 Firefox/103.0"
[2022-09-02T01:39:25.507Z]  "GET /home/" "Mozilla/5.0 (X11; Linux x86_64; rv:103.0) Gecko/20100101 Firefox/103.0"
[2022-09-02T01:39:25.601Z]  "GET /style.css" "Mozilla/5.0 (X11; Linux x86_64; rv:103.0) Gecko/20100101 Firefox/103.0"
[2022-09-02T01:39:25.603Z]  "GET /home/home.css" "Mozilla/5.0 (X11; Linux x86_64; rv:103.0) Gecko/20100101 Firefox/103.0"
[2022-09-02T01:39:25.618Z]  "GET /home/home.js" "Mozilla/5.0 (X11; Linux x86_64; rv:103.0) Gecko/20100101 Firefox/103.0"
[2022-09-02T01:39:25.850Z]  "GET /resources/thumbnail-gravity-sim.png" "Mozilla/5.0 (X11; Linux x86_64; rv:103.0) Gecko/20100101 Firefox/103.0"
[2022-09-02T01:39:25.865Z]  "GET /favicon.ico" "Mozilla/5.0 (X11; Linux x86_64; rv:103.0) Gecko/20100101 Firefox/103.0"
[2022-09-02T01:41:05.913Z]  "GET /home/" "Mozilla/5.0 (X11; Linux x86_64; rv:103.0) Gecko/20100101 Firefox/103.0"
[2022-09-02T01:41:05.993Z]  "GET /style.css" "Mozilla/5.0 (X11; Linux x86_64; rv:103.0) Gecko/20100101 Firefox/103.0"
[2022-09-02T01:41:05.996Z]  "GET /home/home.css" "Mozilla/5.0 (X11; Linux x86_64; rv:103.0) Gecko/20100101 Firefox/103.0"
[2022-09-02T01:41:05.998Z]  "GET /home/home.js" "Mozilla/5.0 (X11; Linux x86_64; rv:103.0) Gecko/20100101 Firefox/103.0"
[2022-09-02T01:41:06.195Z]  "GET /resources/thumbnail-gravity-sim.png" "Mozilla/5.0 (X11; Linux x86_64; rv:103.0) Gecko/20100101 Firefox/103.0"
[2022-09-02T01:41:06.206Z]  "GET /favicon.ico" "Mozilla/5.0 (X11; Linux x86_64; rv:103.0) Gecko/20100101 Firefox/103.0"
[2022-09-02T01:41:07.865Z]  "GET /gravity" "Mozilla/5.0 (X11; Linux x86_64; rv:103.0) Gecko/20100101 Firefox/103.0"
[2022-09-02T01:41:07.887Z]  "GET /gravity/" "Mozilla/5.0 (X11; Linux x86_64; rv:103.0) Gecko/20100101 Firefox/103.0"
[2022-09-02T01:41:08.034Z]  "GET /gravity/gravity.css" "Mozilla/5.0 (X11; Linux x86_64; rv:103.0) Gecko/20100101 Firefox/103.0"
[2022-09-02T01:41:08.036Z]  "GET /dat.gui.min.js" "Mozilla/5.0 (X11; Linux x86_64; rv:103.0) Gecko/20100101 Firefox/103.0"
[2022-09-02T01:41:08.037Z]  "GET /gravity/gravity.js" "Mozilla/5.0 (X11; Linux x86_64; rv:103.0) Gecko/20100101 Firefox/103.0"
[2022-09-02T01:41:08.038Z]  "GET /resources/pause.png" "Mozilla/5.0 (X11; Linux x86_64; rv:103.0) Gecko/20100101 Firefox/103.0"
[2022-09-02T01:41:09.833Z]  "GET /" "Mozilla/5.0 (X11; Linux x86_64; rv:103.0) Gecko/20100101 Firefox/103.0"
[2022-09-02T01:41:10.053Z]  "GET /home" "Mozilla/5.0 (X11; Linux x86_64; rv:103.0) Gecko/20100101 Firefox/103.0"
[2022-09-02T01:41:45.852Z]  "GET /" "Mozilla/5.0 (X11; Linux x86_64; rv:103.0) Gecko/20100101 Firefox/103.0"
[2022-09-02T01:41:45.896Z]  "GET /home" "Mozilla/5.0 (X11; Linux x86_64; rv:103.0) Gecko/20100101 Firefox/103.0"
[2022-09-02T01:41:45.898Z]  "GET /home/" "Mozilla/5.0 (X11; Linux x86_64; rv:103.0) Gecko/20100101 Firefox/103.0"
[2022-09-02T01:41:45.914Z]  "GET /style.css" "Mozilla/5.0 (X11; Linux x86_64; rv:103.0) Gecko/20100101 Firefox/103.0"
[2022-09-02T01:41:45.917Z]  "GET /home/home.js" "Mozilla/5.0 (X11; Linux x86_64; rv:103.0) Gecko/20100101 Firefox/103.0"
[2022-09-02T01:41:45.918Z]  "GET /home/home.css" "Mozilla/5.0 (X11; Linux x86_64; rv:103.0) Gecko/20100101 Firefox/103.0"
[2022-09-02T01:41:46.056Z]  "GET /resources/thumbnail-gravity-sim.png" "Mozilla/5.0 (X11; Linux x86_64; rv:103.0) Gecko/20100101 Firefox/103.0"
[2022-09-02T01:51:23.870Z]  "GET /home/" "Mozilla/5.0 (X11; Linux x86_64; rv:103.0) Gecko/20100101 Firefox/103.0"
[2022-09-02T01:51:23.984Z]  "GET /style.css" "Mozilla/5.0 (X11; Linux x86_64; rv:103.0) Gecko/20100101 Firefox/103.0"
[2022-09-02T01:51:23.986Z]  "GET /home/home.css" "Mozilla/5.0 (X11; Linux x86_64; rv:103.0) Gecko/20100101 Firefox/103.0"
[2022-09-02T01:51:23.989Z]  "GET /home/home.js" "Mozilla/5.0 (X11; Linux x86_64; rv:103.0) Gecko/20100101 Firefox/103.0"
[2022-09-02T01:51:24.281Z]  "GET /resources/thumbnail-gravity-sim.png" "Mozilla/5.0 (X11; Linux x86_64; rv:103.0) Gecko/20100101 Firefox/103.0"
[2022-09-02T01:51:24.302Z]  "GET /favicon.ico" "Mozilla/5.0 (X11; Linux x86_64; rv:103.0) Gecko/20100101 Firefox/103.0"
[2022-09-02T01:51:25.335Z]  "GET /home/" "Mozilla/5.0 (X11; Linux x86_64; rv:103.0) Gecko/20100101 Firefox/103.0"
[2022-09-02T01:51:25.408Z]  "GET /style.css" "Mozilla/5.0 (X11; Linux x86_64; rv:103.0) Gecko/20100101 Firefox/103.0"
[2022-09-02T01:51:25.411Z]  "GET /home/home.css" "Mozilla/5.0 (X11; Linux x86_64; rv:103.0) Gecko/20100101 Firefox/103.0"
[2022-09-02T01:51:25.416Z]  "GET /home/home.js" "Mozilla/5.0 (X11; Linux x86_64; rv:103.0) Gecko/20100101 Firefox/103.0"
[2022-09-02T01:51:25.680Z]  "GET /resources/thumbnail-gravity-sim.png" "Mozilla/5.0 (X11; Linux x86_64; rv:103.0) Gecko/20100101 Firefox/103.0"
[2022-09-02T01:51:25.690Z]  "GET /favicon.ico" "Mozilla/5.0 (X11; Linux x86_64; rv:103.0) Gecko/20100101 Firefox/103.0"
[2022-09-02T01:52:01.271Z]  "GET /home/" "Mozilla/5.0 (X11; Linux x86_64; rv:103.0) Gecko/20100101 Firefox/103.0"
[2022-09-02T01:52:01.360Z]  "GET /style.css" "Mozilla/5.0 (X11; Linux x86_64; rv:103.0) Gecko/20100101 Firefox/103.0"
[2022-09-02T01:52:01.363Z]  "GET /home/home.css" "Mozilla/5.0 (X11; Linux x86_64; rv:103.0) Gecko/20100101 Firefox/103.0"
[2022-09-02T01:52:01.367Z]  "GET /home/home.js" "Mozilla/5.0 (X11; Linux x86_64; rv:103.0) Gecko/20100101 Firefox/103.0"
[2022-09-02T01:52:01.642Z]  "GET /resources/thumbnail-gravity-sim.png" "Mozilla/5.0 (X11; Linux x86_64; rv:103.0) Gecko/20100101 Firefox/103.0"
[2022-09-02T01:52:01.664Z]  "GET /favicon.ico" "Mozilla/5.0 (X11; Linux x86_64; rv:103.0) Gecko/20100101 Firefox/103.0"
[2022-09-02T01:52:42.532Z]  "GET /home/" "Mozilla/5.0 (X11; Linux x86_64; rv:103.0) Gecko/20100101 Firefox/103.0"
[2022-09-02T01:52:42.615Z]  "GET /style.css" "Mozilla/5.0 (X11; Linux x86_64; rv:103.0) Gecko/20100101 Firefox/103.0"
[2022-09-02T01:52:42.619Z]  "GET /home/home.css" "Mozilla/5.0 (X11; Linux x86_64; rv:103.0) Gecko/20100101 Firefox/103.0"
[2022-09-02T01:52:42.621Z]  "GET /home/home.js" "Mozilla/5.0 (X11; Linux x86_64; rv:103.0) Gecko/20100101 Firefox/103.0"
[2022-09-02T01:52:42.984Z]  "GET /resources/thumbnail-gravity-sim.png" "Mozilla/5.0 (X11; Linux x86_64; rv:103.0) Gecko/20100101 Firefox/103.0"
[2022-09-02T01:52:43.004Z]  "GET /favicon.ico" "Mozilla/5.0 (X11; Linux x86_64; rv:103.0) Gecko/20100101 Firefox/103.0"
[2022-09-02T01:57:38.714Z]  "GET /home/" "Mozilla/5.0 (X11; Linux x86_64; rv:103.0) Gecko/20100101 Firefox/103.0"
[2022-09-02T01:57:38.837Z]  "GET /style.css" "Mozilla/5.0 (X11; Linux x86_64; rv:103.0) Gecko/20100101 Firefox/103.0"
[2022-09-02T01:57:38.842Z]  "GET /home/home.css" "Mozilla/5.0 (X11; Linux x86_64; rv:103.0) Gecko/20100101 Firefox/103.0"
[2022-09-02T01:57:38.846Z]  "GET /home/home.js" "Mozilla/5.0 (X11; Linux x86_64; rv:103.0) Gecko/20100101 Firefox/103.0"
[2022-09-02T01:57:39.146Z]  "GET /resources/thumbnail-gravity-sim.png" "Mozilla/5.0 (X11; Linux x86_64; rv:103.0) Gecko/20100101 Firefox/103.0"
[2022-09-02T01:57:39.161Z]  "GET /favicon.ico" "Mozilla/5.0 (X11; Linux x86_64; rv:103.0) Gecko/20100101 Firefox/103.0"
[2022-09-02T01:57:41.580Z]  "GET /home/" "Mozilla/5.0 (X11; Linux x86_64; rv:103.0) Gecko/20100101 Firefox/103.0"
[2022-09-02T01:57:41.639Z]  "GET /style.css" "Mozilla/5.0 (X11; Linux x86_64; rv:103.0) Gecko/20100101 Firefox/103.0"
[2022-09-02T01:57:41.642Z]  "GET /home/home.css" "Mozilla/5.0 (X11; Linux x86_64; rv:103.0) Gecko/20100101 Firefox/103.0"
[2022-09-02T01:57:41.651Z]  "GET /home/home.js" "Mozilla/5.0 (X11; Linux x86_64; rv:103.0) Gecko/20100101 Firefox/103.0"
[2022-09-02T01:57:41.902Z]  "GET /resources/thumbnail-gravity-sim.png" "Mozilla/5.0 (X11; Linux x86_64; rv:103.0) Gecko/20100101 Firefox/103.0"
[2022-09-02T01:57:41.920Z]  "GET /favicon.ico" "Mozilla/5.0 (X11; Linux x86_64; rv:103.0) Gecko/20100101 Firefox/103.0"
[2022-09-02T01:57:42.759Z]  "GET /home/" "Mozilla/5.0 (X11; Linux x86_64; rv:103.0) Gecko/20100101 Firefox/103.0"
[2022-09-02T01:57:42.853Z]  "GET /style.css" "Mozilla/5.0 (X11; Linux x86_64; rv:103.0) Gecko/20100101 Firefox/103.0"
[2022-09-02T01:57:42.856Z]  "GET /home/home.css" "Mozilla/5.0 (X11; Linux x86_64; rv:103.0) Gecko/20100101 Firefox/103.0"
[2022-09-02T01:57:42.868Z]  "GET /home/home.js" "Mozilla/5.0 (X11; Linux x86_64; rv:103.0) Gecko/20100101 Firefox/103.0"
[2022-09-02T01:57:43.067Z]  "GET /resources/thumbnail-gravity-sim.png" "Mozilla/5.0 (X11; Linux x86_64; rv:103.0) Gecko/20100101 Firefox/103.0"
[2022-09-02T01:57:43.104Z]  "GET /favicon.ico" "Mozilla/5.0 (X11; Linux x86_64; rv:103.0) Gecko/20100101 Firefox/103.0"
[2022-09-02T01:57:43.966Z]  "GET /home/" "Mozilla/5.0 (X11; Linux x86_64; rv:103.0) Gecko/20100101 Firefox/103.0"
[2022-09-02T01:57:44.093Z]  "GET /style.css" "Mozilla/5.0 (X11; Linux x86_64; rv:103.0) Gecko/20100101 Firefox/103.0"
[2022-09-02T01:57:44.259Z]  "GET /style.css" "Mozilla/5.0 (X11; Linux x86_64; rv:103.0) Gecko/20100101 Firefox/103.0"
[2022-09-02T01:57:44.287Z]  "GET /home/home.css" "Mozilla/5.0 (X11; Linux x86_64; rv:103.0) Gecko/20100101 Firefox/103.0"
[2022-09-02T01:57:44.288Z]  "GET /home/home.js" "Mozilla/5.0 (X11; Linux x86_64; rv:103.0) Gecko/20100101 Firefox/103.0"
[2022-09-02T01:57:44.480Z]  "GET /home/" "Mozilla/5.0 (X11; Linux x86_64; rv:103.0) Gecko/20100101 Firefox/103.0"
[2022-09-02T01:57:44.748Z]  "GET /style.css" "Mozilla/5.0 (X11; Linux x86_64; rv:103.0) Gecko/20100101 Firefox/103.0"
[2022-09-02T01:57:44.749Z]  "GET /home/home.css" "Mozilla/5.0 (X11; Linux x86_64; rv:103.0) Gecko/20100101 Firefox/103.0"
[2022-09-02T01:57:44.766Z]  "GET /home/home.js" "Mozilla/5.0 (X11; Linux x86_64; rv:103.0) Gecko/20100101 Firefox/103.0"
[2022-09-02T01:57:45.008Z]  "GET /resources/thumbnail-gravity-sim.png" "Mozilla/5.0 (X11; Linux x86_64; rv:103.0) Gecko/20100101 Firefox/103.0"
[2022-09-02T01:57:45.125Z]  "GET /favicon.ico" "Mozilla/5.0 (X11; Linux x86_64; rv:103.0) Gecko/20100101 Firefox/103.0"
[2022-09-02T01:57:49.264Z]  "GET /home/" "Mozilla/5.0 (X11; Linux x86_64; rv:103.0) Gecko/20100101 Firefox/103.0"
[2022-09-02T01:57:49.340Z]  "GET /style.css" "Mozilla/5.0 (X11; Linux x86_64; rv:103.0) Gecko/20100101 Firefox/103.0"
[2022-09-02T01:57:49.344Z]  "GET /home/home.css" "Mozilla/5.0 (X11; Linux x86_64; rv:103.0) Gecko/20100101 Firefox/103.0"
[2022-09-02T01:57:49.347Z]  "GET /home/home.js" "Mozilla/5.0 (X11; Linux x86_64; rv:103.0) Gecko/20100101 Firefox/103.0"
[2022-09-02T01:57:49.729Z]  "GET /resources/thumbnail-gravity-sim.png" "Mozilla/5.0 (X11; Linux x86_64; rv:103.0) Gecko/20100101 Firefox/103.0"
[2022-09-02T01:57:49.754Z]  "GET /favicon.ico" "Mozilla/5.0 (X11; Linux x86_64; rv:103.0) Gecko/20100101 Firefox/103.0"
[2022-09-02T01:57:53.597Z]  "GET /home/" "Mozilla/5.0 (X11; Linux x86_64; rv:103.0) Gecko/20100101 Firefox/103.0"
[2022-09-02T01:57:53.683Z]  "GET /style.css" "Mozilla/5.0 (X11; Linux x86_64; rv:103.0) Gecko/20100101 Firefox/103.0"
[2022-09-02T01:57:53.685Z]  "GET /home/home.css" "Mozilla/5.0 (X11; Linux x86_64; rv:103.0) Gecko/20100101 Firefox/103.0"
[2022-09-02T01:57:53.688Z]  "GET /home/home.js" "Mozilla/5.0 (X11; Linux x86_64; rv:103.0) Gecko/20100101 Firefox/103.0"
[2022-09-02T01:57:53.887Z]  "GET /resources/thumbnail-gravity-sim.png" "Mozilla/5.0 (X11; Linux x86_64; rv:103.0) Gecko/20100101 Firefox/103.0"
[2022-09-02T01:57:53.901Z]  "GET /favicon.ico" "Mozilla/5.0 (X11; Linux x86_64; rv:103.0) Gecko/20100101 Firefox/103.0"
[2022-09-02T01:58:17.832Z]  "GET /home/" "Mozilla/5.0 (X11; Linux x86_64; rv:103.0) Gecko/20100101 Firefox/103.0"
[2022-09-02T01:58:17.902Z]  "GET /style.css" "Mozilla/5.0 (X11; Linux x86_64; rv:103.0) Gecko/20100101 Firefox/103.0"
[2022-09-02T01:58:17.904Z]  "GET /home/home.css" "Mozilla/5.0 (X11; Linux x86_64; rv:103.0) Gecko/20100101 Firefox/103.0"
[2022-09-02T01:58:17.905Z]  "GET /home/home.js" "Mozilla/5.0 (X11; Linux x86_64; rv:103.0) Gecko/20100101 Firefox/103.0"
[2022-09-02T01:58:18.173Z]  "GET /resources/thumbnail-gravity-sim.png" "Mozilla/5.0 (X11; Linux x86_64; rv:103.0) Gecko/20100101 Firefox/103.0"
[2022-09-02T01:58:18.186Z]  "GET /favicon.ico" "Mozilla/5.0 (X11; Linux x86_64; rv:103.0) Gecko/20100101 Firefox/103.0"
[2022-09-02T01:58:20.169Z]  "GET /home/" "Mozilla/5.0 (X11; Linux x86_64; rv:103.0) Gecko/20100101 Firefox/103.0"
[2022-09-02T01:58:20.249Z]  "GET /style.css" "Mozilla/5.0 (X11; Linux x86_64; rv:103.0) Gecko/20100101 Firefox/103.0"
[2022-09-02T01:58:20.251Z]  "GET /home/home.css" "Mozilla/5.0 (X11; Linux x86_64; rv:103.0) Gecko/20100101 Firefox/103.0"
[2022-09-02T01:58:20.254Z]  "GET /home/home.js" "Mozilla/5.0 (X11; Linux x86_64; rv:103.0) Gecko/20100101 Firefox/103.0"
[2022-09-02T01:58:20.432Z]  "GET /resources/thumbnail-gravity-sim.png" "Mozilla/5.0 (X11; Linux x86_64; rv:103.0) Gecko/20100101 Firefox/103.0"
[2022-09-02T01:58:20.441Z]  "GET /favicon.ico" "Mozilla/5.0 (X11; Linux x86_64; rv:103.0) Gecko/20100101 Firefox/103.0"
[2022-09-02T01:58:24.271Z]  "GET /home/" "Mozilla/5.0 (X11; Linux x86_64; rv:103.0) Gecko/20100101 Firefox/103.0"
[2022-09-02T01:58:24.455Z]  "GET /style.css" "Mozilla/5.0 (X11; Linux x86_64; rv:103.0) Gecko/20100101 Firefox/103.0"
[2022-09-02T01:58:24.488Z]  "GET /home/home.css" "Mozilla/5.0 (X11; Linux x86_64; rv:103.0) Gecko/20100101 Firefox/103.0"
[2022-09-02T01:58:24.489Z]  "GET /home/home.js" "Mozilla/5.0 (X11; Linux x86_64; rv:103.0) Gecko/20100101 Firefox/103.0"
[2022-09-02T01:58:24.674Z]  "GET /resources/thumbnail-gravity-sim.png" "Mozilla/5.0 (X11; Linux x86_64; rv:103.0) Gecko/20100101 Firefox/103.0"
[2022-09-02T01:58:24.707Z]  "GET /favicon.ico" "Mozilla/5.0 (X11; Linux x86_64; rv:103.0) Gecko/20100101 Firefox/103.0"
[2022-09-02T01:58:27.274Z]  "GET /home/" "Mozilla/5.0 (X11; Linux x86_64; rv:103.0) Gecko/20100101 Firefox/103.0"
[2022-09-02T01:58:27.359Z]  "GET /style.css" "Mozilla/5.0 (X11; Linux x86_64; rv:103.0) Gecko/20100101 Firefox/103.0"
[2022-09-02T01:58:27.362Z]  "GET /home/home.css" "Mozilla/5.0 (X11; Linux x86_64; rv:103.0) Gecko/20100101 Firefox/103.0"
[2022-09-02T01:58:27.366Z]  "GET /home/home.js" "Mozilla/5.0 (X11; Linux x86_64; rv:103.0) Gecko/20100101 Firefox/103.0"
[2022-09-02T01:58:27.539Z]  "GET /resources/thumbnail-gravity-sim.png" "Mozilla/5.0 (X11; Linux x86_64; rv:103.0) Gecko/20100101 Firefox/103.0"
[2022-09-02T01:58:27.555Z]  "GET /favicon.ico" "Mozilla/5.0 (X11; Linux x86_64; rv:103.0) Gecko/20100101 Firefox/103.0"
[2022-09-02T01:58:30.214Z]  "GET /home/" "Mozilla/5.0 (X11; Linux x86_64; rv:103.0) Gecko/20100101 Firefox/103.0"
[2022-09-02T01:58:30.300Z]  "GET /style.css" "Mozilla/5.0 (X11; Linux x86_64; rv:103.0) Gecko/20100101 Firefox/103.0"
[2022-09-02T01:58:30.302Z]  "GET /home/home.css" "Mozilla/5.0 (X11; Linux x86_64; rv:103.0) Gecko/20100101 Firefox/103.0"
[2022-09-02T01:58:30.305Z]  "GET /home/home.js" "Mozilla/5.0 (X11; Linux x86_64; rv:103.0) Gecko/20100101 Firefox/103.0"
[2022-09-02T01:58:30.472Z]  "GET /resources/thumbnail-gravity-sim.png" "Mozilla/5.0 (X11; Linux x86_64; rv:103.0) Gecko/20100101 Firefox/103.0"
[2022-09-02T01:58:30.501Z]  "GET /favicon.ico" "Mozilla/5.0 (X11; Linux x86_64; rv:103.0) Gecko/20100101 Firefox/103.0"
[2022-09-02T01:58:32.697Z]  "GET /home/" "Mozilla/5.0 (X11; Linux x86_64; rv:103.0) Gecko/20100101 Firefox/103.0"
[2022-09-02T01:58:32.781Z]  "GET /style.css" "Mozilla/5.0 (X11; Linux x86_64; rv:103.0) Gecko/20100101 Firefox/103.0"
[2022-09-02T01:58:32.788Z]  "GET /home/home.css" "Mozilla/5.0 (X11; Linux x86_64; rv:103.0) Gecko/20100101 Firefox/103.0"
[2022-09-02T01:58:32.792Z]  "GET /home/home.js" "Mozilla/5.0 (X11; Linux x86_64; rv:103.0) Gecko/20100101 Firefox/103.0"
[2022-09-02T01:58:32.991Z]  "GET /resources/thumbnail-gravity-sim.png" "Mozilla/5.0 (X11; Linux x86_64; rv:103.0) Gecko/20100101 Firefox/103.0"
[2022-09-02T01:58:33.011Z]  "GET /favicon.ico" "Mozilla/5.0 (X11; Linux x86_64; rv:103.0) Gecko/20100101 Firefox/103.0"
[2022-09-02T01:58:35.026Z]  "GET /home/" "Mozilla/5.0 (X11; Linux x86_64; rv:103.0) Gecko/20100101 Firefox/103.0"
[2022-09-02T01:58:35.111Z]  "GET /style.css" "Mozilla/5.0 (X11; Linux x86_64; rv:103.0) Gecko/20100101 Firefox/103.0"
[2022-09-02T01:58:35.113Z]  "GET /home/home.css" "Mozilla/5.0 (X11; Linux x86_64; rv:103.0) Gecko/20100101 Firefox/103.0"
[2022-09-02T01:58:35.116Z]  "GET /home/home.js" "Mozilla/5.0 (X11; Linux x86_64; rv:103.0) Gecko/20100101 Firefox/103.0"
[2022-09-02T01:58:35.363Z]  "GET /resources/thumbnail-gravity-sim.png" "Mozilla/5.0 (X11; Linux x86_64; rv:103.0) Gecko/20100101 Firefox/103.0"
[2022-09-02T01:58:35.401Z]  "GET /favicon.ico" "Mozilla/5.0 (X11; Linux x86_64; rv:103.0) Gecko/20100101 Firefox/103.0"
[2022-09-02T01:59:16.841Z]  "GET /home/" "Mozilla/5.0 (X11; Linux x86_64; rv:103.0) Gecko/20100101 Firefox/103.0"
[2022-09-02T01:59:16.933Z]  "GET /style.css" "Mozilla/5.0 (X11; Linux x86_64; rv:103.0) Gecko/20100101 Firefox/103.0"
[2022-09-02T01:59:16.936Z]  "GET /home/home.css" "Mozilla/5.0 (X11; Linux x86_64; rv:103.0) Gecko/20100101 Firefox/103.0"
[2022-09-02T01:59:16.939Z]  "GET /home/home.js" "Mozilla/5.0 (X11; Linux x86_64; rv:103.0) Gecko/20100101 Firefox/103.0"
[2022-09-02T01:59:17.122Z]  "GET /resources/thumbnail-gravity-sim.png" "Mozilla/5.0 (X11; Linux x86_64; rv:103.0) Gecko/20100101 Firefox/103.0"
[2022-09-02T01:59:17.130Z]  "GET /favicon.ico" "Mozilla/5.0 (X11; Linux x86_64; rv:103.0) Gecko/20100101 Firefox/103.0"
[2022-09-02T01:59:19.411Z]  "GET /home/" "Mozilla/5.0 (X11; Linux x86_64; rv:103.0) Gecko/20100101 Firefox/103.0"
[2022-09-02T01:59:19.490Z]  "GET /style.css" "Mozilla/5.0 (X11; Linux x86_64; rv:103.0) Gecko/20100101 Firefox/103.0"
[2022-09-02T01:59:19.491Z]  "GET /home/home.css" "Mozilla/5.0 (X11; Linux x86_64; rv:103.0) Gecko/20100101 Firefox/103.0"
[2022-09-02T01:59:19.494Z]  "GET /home/home.js" "Mozilla/5.0 (X11; Linux x86_64; rv:103.0) Gecko/20100101 Firefox/103.0"
[2022-09-02T01:59:19.691Z]  "GET /resources/thumbnail-gravity-sim.png" "Mozilla/5.0 (X11; Linux x86_64; rv:103.0) Gecko/20100101 Firefox/103.0"
[2022-09-02T01:59:19.714Z]  "GET /favicon.ico" "Mozilla/5.0 (X11; Linux x86_64; rv:103.0) Gecko/20100101 Firefox/103.0"
[2022-09-02T01:59:22.286Z]  "GET /home/" "Mozilla/5.0 (X11; Linux x86_64; rv:103.0) Gecko/20100101 Firefox/103.0"
[2022-09-02T01:59:22.371Z]  "GET /style.css" "Mozilla/5.0 (X11; Linux x86_64; rv:103.0) Gecko/20100101 Firefox/103.0"
[2022-09-02T01:59:22.373Z]  "GET /home/home.css" "Mozilla/5.0 (X11; Linux x86_64; rv:103.0) Gecko/20100101 Firefox/103.0"
[2022-09-02T01:59:22.379Z]  "GET /home/home.js" "Mozilla/5.0 (X11; Linux x86_64; rv:103.0) Gecko/20100101 Firefox/103.0"
[2022-09-02T01:59:22.554Z]  "GET /resources/thumbnail-gravity-sim.png" "Mozilla/5.0 (X11; Linux x86_64; rv:103.0) Gecko/20100101 Firefox/103.0"
[2022-09-02T01:59:22.572Z]  "GET /favicon.ico" "Mozilla/5.0 (X11; Linux x86_64; rv:103.0) Gecko/20100101 Firefox/103.0"
[2022-09-02T01:59:25.852Z]  "GET /home/" "Mozilla/5.0 (X11; Linux x86_64; rv:103.0) Gecko/20100101 Firefox/103.0"
[2022-09-02T01:59:25.922Z]  "GET /style.css" "Mozilla/5.0 (X11; Linux x86_64; rv:103.0) Gecko/20100101 Firefox/103.0"
[2022-09-02T01:59:25.924Z]  "GET /home/home.css" "Mozilla/5.0 (X11; Linux x86_64; rv:103.0) Gecko/20100101 Firefox/103.0"
[2022-09-02T01:59:25.928Z]  "GET /home/home.js" "Mozilla/5.0 (X11; Linux x86_64; rv:103.0) Gecko/20100101 Firefox/103.0"
[2022-09-02T01:59:26.092Z]  "GET /resources/thumbnail-gravity-sim.png" "Mozilla/5.0 (X11; Linux x86_64; rv:103.0) Gecko/20100101 Firefox/103.0"
[2022-09-02T01:59:26.105Z]  "GET /favicon.ico" "Mozilla/5.0 (X11; Linux x86_64; rv:103.0) Gecko/20100101 Firefox/103.0"
[2022-09-02T01:59:30.048Z]  "GET /home/" "Mozilla/5.0 (X11; Linux x86_64; rv:103.0) Gecko/20100101 Firefox/103.0"
[2022-09-02T01:59:30.120Z]  "GET /style.css" "Mozilla/5.0 (X11; Linux x86_64; rv:103.0) Gecko/20100101 Firefox/103.0"
[2022-09-02T01:59:30.124Z]  "GET /home/home.css" "Mozilla/5.0 (X11; Linux x86_64; rv:103.0) Gecko/20100101 Firefox/103.0"
[2022-09-02T01:59:30.129Z]  "GET /home/home.js" "Mozilla/5.0 (X11; Linux x86_64; rv:103.0) Gecko/20100101 Firefox/103.0"
[2022-09-02T01:59:30.393Z]  "GET /resources/thumbnail-gravity-sim.png" "Mozilla/5.0 (X11; Linux x86_64; rv:103.0) Gecko/20100101 Firefox/103.0"
[2022-09-02T01:59:30.401Z]  "GET /favicon.ico" "Mozilla/5.0 (X11; Linux x86_64; rv:103.0) Gecko/20100101 Firefox/103.0"
[2022-09-02T02:00:05.662Z]  "GET /home/" "Mozilla/5.0 (X11; Linux x86_64; rv:103.0) Gecko/20100101 Firefox/103.0"
[2022-09-02T02:00:05.739Z]  "GET /style.css" "Mozilla/5.0 (X11; Linux x86_64; rv:103.0) Gecko/20100101 Firefox/103.0"
[2022-09-02T02:00:05.742Z]  "GET /home/home.css" "Mozilla/5.0 (X11; Linux x86_64; rv:103.0) Gecko/20100101 Firefox/103.0"
[2022-09-02T02:00:05.744Z]  "GET /home/home.js" "Mozilla/5.0 (X11; Linux x86_64; rv:103.0) Gecko/20100101 Firefox/103.0"
[2022-09-02T02:00:05.913Z]  "GET /resources/thumbnail-gravity-sim.png" "Mozilla/5.0 (X11; Linux x86_64; rv:103.0) Gecko/20100101 Firefox/103.0"
[2022-09-02T02:00:05.920Z]  "GET /favicon.ico" "Mozilla/5.0 (X11; Linux x86_64; rv:103.0) Gecko/20100101 Firefox/103.0"
[2022-09-02T02:00:10.618Z]  "GET /home/" "Mozilla/5.0 (X11; Linux x86_64; rv:103.0) Gecko/20100101 Firefox/103.0"
[2022-09-02T02:00:10.707Z]  "GET /style.css" "Mozilla/5.0 (X11; Linux x86_64; rv:103.0) Gecko/20100101 Firefox/103.0"
[2022-09-02T02:00:10.719Z]  "GET /home/home.css" "Mozilla/5.0 (X11; Linux x86_64; rv:103.0) Gecko/20100101 Firefox/103.0"
[2022-09-02T02:00:10.721Z]  "GET /home/home.js" "Mozilla/5.0 (X11; Linux x86_64; rv:103.0) Gecko/20100101 Firefox/103.0"
[2022-09-02T02:00:10.914Z]  "GET /resources/thumbnail-gravity-sim.png" "Mozilla/5.0 (X11; Linux x86_64; rv:103.0) Gecko/20100101 Firefox/103.0"
[2022-09-02T02:00:10.922Z]  "GET /favicon.ico" "Mozilla/5.0 (X11; Linux x86_64; rv:103.0) Gecko/20100101 Firefox/103.0"
[2022-09-02T02:03:06.391Z]  "GET /home/" "Mozilla/5.0 (X11; Linux x86_64; rv:103.0) Gecko/20100101 Firefox/103.0"
[2022-09-02T02:03:06.475Z]  "GET /style.css" "Mozilla/5.0 (X11; Linux x86_64; rv:103.0) Gecko/20100101 Firefox/103.0"
[2022-09-02T02:03:06.478Z]  "GET /home/home.js" "Mozilla/5.0 (X11; Linux x86_64; rv:103.0) Gecko/20100101 Firefox/103.0"
[2022-09-02T02:03:06.479Z]  "GET /home/home.css" "Mozilla/5.0 (X11; Linux x86_64; rv:103.0) Gecko/20100101 Firefox/103.0"
[2022-09-02T02:03:06.874Z]  "GET /resources/thumbnail-gravity-sim.png" "Mozilla/5.0 (X11; Linux x86_64; rv:103.0) Gecko/20100101 Firefox/103.0"
[2022-09-02T02:03:07.194Z]  "GET /favicon.ico" "Mozilla/5.0 (X11; Linux x86_64; rv:103.0) Gecko/20100101 Firefox/103.0"
[2022-09-02T02:05:59.463Z]  "GET /home/" "Mozilla/5.0 (X11; Linux x86_64; rv:103.0) Gecko/20100101 Firefox/103.0"
[2022-09-02T02:05:59.582Z]  "GET /style.css" "Mozilla/5.0 (X11; Linux x86_64; rv:103.0) Gecko/20100101 Firefox/103.0"
[2022-09-02T02:05:59.584Z]  "GET /home/home.css" "Mozilla/5.0 (X11; Linux x86_64; rv:103.0) Gecko/20100101 Firefox/103.0"
[2022-09-02T02:05:59.594Z]  "GET /home/home.js" "Mozilla/5.0 (X11; Linux x86_64; rv:103.0) Gecko/20100101 Firefox/103.0"
[2022-09-02T02:05:59.877Z]  "GET /resources/thumbnail-gravity-sim.png" "Mozilla/5.0 (X11; Linux x86_64; rv:103.0) Gecko/20100101 Firefox/103.0"
[2022-09-02T02:05:59.895Z]  "GET /favicon.ico" "Mozilla/5.0 (X11; Linux x86_64; rv:103.0) Gecko/20100101 Firefox/103.0"
[2022-09-02T02:06:29.814Z]  "GET /home/" "Mozilla/5.0 (X11; Linux x86_64; rv:103.0) Gecko/20100101 Firefox/103.0"
[2022-09-02T02:06:29.908Z]  "GET /style.css" "Mozilla/5.0 (X11; Linux x86_64; rv:103.0) Gecko/20100101 Firefox/103.0"
[2022-09-02T02:06:29.912Z]  "GET /home/home.js" "Mozilla/5.0 (X11; Linux x86_64; rv:103.0) Gecko/20100101 Firefox/103.0"
[2022-09-02T02:06:29.915Z]  "GET /home/home.css" "Mozilla/5.0 (X11; Linux x86_64; rv:103.0) Gecko/20100101 Firefox/103.0"
[2022-09-02T02:06:30.090Z]  "GET /resources/thumbnail-gravity-sim.png" "Mozilla/5.0 (X11; Linux x86_64; rv:103.0) Gecko/20100101 Firefox/103.0"
[2022-09-02T02:06:30.097Z]  "GET /favicon.ico" "Mozilla/5.0 (X11; Linux x86_64; rv:103.0) Gecko/20100101 Firefox/103.0"
[2022-09-02T02:07:42.549Z]  "GET /home/" "Mozilla/5.0 (X11; Linux x86_64; rv:103.0) Gecko/20100101 Firefox/103.0"
[2022-09-02T02:07:42.656Z]  "GET /style.css" "Mozilla/5.0 (X11; Linux x86_64; rv:103.0) Gecko/20100101 Firefox/103.0"
[2022-09-02T02:07:42.659Z]  "GET /home/home.js" "Mozilla/5.0 (X11; Linux x86_64; rv:103.0) Gecko/20100101 Firefox/103.0"
[2022-09-02T02:07:42.661Z]  "GET /home/home.css" "Mozilla/5.0 (X11; Linux x86_64; rv:103.0) Gecko/20100101 Firefox/103.0"
[2022-09-02T02:07:42.847Z]  "GET /resources/thumbnail-gravity-sim.png" "Mozilla/5.0 (X11; Linux x86_64; rv:103.0) Gecko/20100101 Firefox/103.0"
[2022-09-02T02:07:42.950Z]  "GET /favicon.ico" "Mozilla/5.0 (X11; Linux x86_64; rv:103.0) Gecko/20100101 Firefox/103.0"
[2022-09-02T02:07:57.484Z]  "GET /home/" "Mozilla/5.0 (X11; Linux x86_64; rv:103.0) Gecko/20100101 Firefox/103.0"
[2022-09-02T02:07:57.576Z]  "GET /style.css" "Mozilla/5.0 (X11; Linux x86_64; rv:103.0) Gecko/20100101 Firefox/103.0"
[2022-09-02T02:07:57.578Z]  "GET /home/home.css" "Mozilla/5.0 (X11; Linux x86_64; rv:103.0) Gecko/20100101 Firefox/103.0"
[2022-09-02T02:07:57.589Z]  "GET /home/home.js" "Mozilla/5.0 (X11; Linux x86_64; rv:103.0) Gecko/20100101 Firefox/103.0"
[2022-09-02T02:07:57.792Z]  "GET /resources/thumbnail-gravity-sim.png" "Mozilla/5.0 (X11; Linux x86_64; rv:103.0) Gecko/20100101 Firefox/103.0"
[2022-09-02T02:07:57.807Z]  "GET /favicon.ico" "Mozilla/5.0 (X11; Linux x86_64; rv:103.0) Gecko/20100101 Firefox/103.0"
[2022-09-02T02:08:00.103Z]  "GET /home/" "Mozilla/5.0 (X11; Linux x86_64; rv:103.0) Gecko/20100101 Firefox/103.0"
[2022-09-02T02:08:00.205Z]  "GET /style.css" "Mozilla/5.0 (X11; Linux x86_64; rv:103.0) Gecko/20100101 Firefox/103.0"
[2022-09-02T02:08:00.207Z]  "GET /home/home.css" "Mozilla/5.0 (X11; Linux x86_64; rv:103.0) Gecko/20100101 Firefox/103.0"
[2022-09-02T02:08:00.217Z]  "GET /home/home.js" "Mozilla/5.0 (X11; Linux x86_64; rv:103.0) Gecko/20100101 Firefox/103.0"
[2022-09-02T02:08:00.589Z]  "GET /resources/thumbnail-gravity-sim.png" "Mozilla/5.0 (X11; Linux x86_64; rv:103.0) Gecko/20100101 Firefox/103.0"
[2022-09-02T02:08:00.607Z]  "GET /favicon.ico" "Mozilla/5.0 (X11; Linux x86_64; rv:103.0) Gecko/20100101 Firefox/103.0"
[2022-09-02T02:08:14.316Z]  "GET /home/" "Mozilla/5.0 (X11; Linux x86_64; rv:103.0) Gecko/20100101 Firefox/103.0"
[2022-09-02T02:08:14.421Z]  "GET /style.css" "Mozilla/5.0 (X11; Linux x86_64; rv:103.0) Gecko/20100101 Firefox/103.0"
[2022-09-02T02:08:14.423Z]  "GET /home/home.css" "Mozilla/5.0 (X11; Linux x86_64; rv:103.0) Gecko/20100101 Firefox/103.0"
[2022-09-02T02:08:14.428Z]  "GET /home/home.js" "Mozilla/5.0 (X11; Linux x86_64; rv:103.0) Gecko/20100101 Firefox/103.0"
[2022-09-02T02:08:14.604Z]  "GET /resources/thumbnail-gravity-sim.png" "Mozilla/5.0 (X11; Linux x86_64; rv:103.0) Gecko/20100101 Firefox/103.0"
[2022-09-02T02:08:14.611Z]  "GET /favicon.ico" "Mozilla/5.0 (X11; Linux x86_64; rv:103.0) Gecko/20100101 Firefox/103.0"
[2022-09-02T02:08:56.811Z]  "GET /home/" "Mozilla/5.0 (X11; Linux x86_64; rv:103.0) Gecko/20100101 Firefox/103.0"
[2022-09-02T02:08:56.905Z]  "GET /style.css" "Mozilla/5.0 (X11; Linux x86_64; rv:103.0) Gecko/20100101 Firefox/103.0"
[2022-09-02T02:08:56.906Z]  "GET /home/home.css" "Mozilla/5.0 (X11; Linux x86_64; rv:103.0) Gecko/20100101 Firefox/103.0"
[2022-09-02T02:08:56.909Z]  "GET /home/home.js" "Mozilla/5.0 (X11; Linux x86_64; rv:103.0) Gecko/20100101 Firefox/103.0"
[2022-09-02T02:08:57.099Z]  "GET /resources/thumbnail-gravity-sim.png" "Mozilla/5.0 (X11; Linux x86_64; rv:103.0) Gecko/20100101 Firefox/103.0"
[2022-09-02T02:08:57.111Z]  "GET /favicon.ico" "Mozilla/5.0 (X11; Linux x86_64; rv:103.0) Gecko/20100101 Firefox/103.0"
[2022-09-02T02:09:06.155Z]  "GET /home/" "Mozilla/5.0 (X11; Linux x86_64; rv:103.0) Gecko/20100101 Firefox/103.0"
[2022-09-02T02:09:06.259Z]  "GET /style.css" "Mozilla/5.0 (X11; Linux x86_64; rv:103.0) Gecko/20100101 Firefox/103.0"
[2022-09-02T02:09:06.272Z]  "GET /home/home.css" "Mozilla/5.0 (X11; Linux x86_64; rv:103.0) Gecko/20100101 Firefox/103.0"
[2022-09-02T02:09:06.285Z]  "GET /home/home.js" "Mozilla/5.0 (X11; Linux x86_64; rv:103.0) Gecko/20100101 Firefox/103.0"
[2022-09-02T02:09:06.487Z]  "GET /resources/thumbnail-gravity-sim.png" "Mozilla/5.0 (X11; Linux x86_64; rv:103.0) Gecko/20100101 Firefox/103.0"
[2022-09-02T02:09:06.504Z]  "GET /favicon.ico" "Mozilla/5.0 (X11; Linux x86_64; rv:103.0) Gecko/20100101 Firefox/103.0"
[2022-09-02T02:09:11.098Z]  "GET /home/" "Mozilla/5.0 (X11; Linux x86_64; rv:103.0) Gecko/20100101 Firefox/103.0"
[2022-09-02T02:09:11.173Z]  "GET /style.css" "Mozilla/5.0 (X11; Linux x86_64; rv:103.0) Gecko/20100101 Firefox/103.0"
[2022-09-02T02:09:11.174Z]  "GET /home/home.css" "Mozilla/5.0 (X11; Linux x86_64; rv:103.0) Gecko/20100101 Firefox/103.0"
[2022-09-02T02:09:11.176Z]  "GET /home/home.js" "Mozilla/5.0 (X11; Linux x86_64; rv:103.0) Gecko/20100101 Firefox/103.0"
[2022-09-02T02:09:11.357Z]  "GET /resources/thumbnail-gravity-sim.png" "Mozilla/5.0 (X11; Linux x86_64; rv:103.0) Gecko/20100101 Firefox/103.0"
[2022-09-02T02:09:11.406Z]  "GET /favicon.ico" "Mozilla/5.0 (X11; Linux x86_64; rv:103.0) Gecko/20100101 Firefox/103.0"
[2022-09-02T02:09:14.234Z]  "GET /home/" "Mozilla/5.0 (X11; Linux x86_64; rv:103.0) Gecko/20100101 Firefox/103.0"
[2022-09-02T02:09:14.355Z]  "GET /style.css" "Mozilla/5.0 (X11; Linux x86_64; rv:103.0) Gecko/20100101 Firefox/103.0"
[2022-09-02T02:09:14.358Z]  "GET /home/home.css" "Mozilla/5.0 (X11; Linux x86_64; rv:103.0) Gecko/20100101 Firefox/103.0"
[2022-09-02T02:09:14.370Z]  "GET /home/home.js" "Mozilla/5.0 (X11; Linux x86_64; rv:103.0) Gecko/20100101 Firefox/103.0"
[2022-09-02T02:09:14.532Z]  "GET /resources/thumbnail-gravity-sim.png" "Mozilla/5.0 (X11; Linux x86_64; rv:103.0) Gecko/20100101 Firefox/103.0"
[2022-09-02T02:09:14.543Z]  "GET /favicon.ico" "Mozilla/5.0 (X11; Linux x86_64; rv:103.0) Gecko/20100101 Firefox/103.0"
[2022-09-02T02:09:17.235Z]  "GET /home/" "Mozilla/5.0 (X11; Linux x86_64; rv:103.0) Gecko/20100101 Firefox/103.0"
[2022-09-02T02:09:17.336Z]  "GET /style.css" "Mozilla/5.0 (X11; Linux x86_64; rv:103.0) Gecko/20100101 Firefox/103.0"
[2022-09-02T02:09:17.336Z]  "GET /home/home.css" "Mozilla/5.0 (X11; Linux x86_64; rv:103.0) Gecko/20100101 Firefox/103.0"
[2022-09-02T02:09:17.340Z]  "GET /home/home.js" "Mozilla/5.0 (X11; Linux x86_64; rv:103.0) Gecko/20100101 Firefox/103.0"
[2022-09-02T02:09:17.539Z]  "GET /resources/thumbnail-gravity-sim.png" "Mozilla/5.0 (X11; Linux x86_64; rv:103.0) Gecko/20100101 Firefox/103.0"
[2022-09-02T02:09:17.551Z]  "GET /favicon.ico" "Mozilla/5.0 (X11; Linux x86_64; rv:103.0) Gecko/20100101 Firefox/103.0"
[2022-09-02T02:09:20.229Z]  "GET /home/" "Mozilla/5.0 (X11; Linux x86_64; rv:103.0) Gecko/20100101 Firefox/103.0"
[2022-09-02T02:09:20.319Z]  "GET /style.css" "Mozilla/5.0 (X11; Linux x86_64; rv:103.0) Gecko/20100101 Firefox/103.0"
[2022-09-02T02:09:20.320Z]  "GET /home/home.css" "Mozilla/5.0 (X11; Linux x86_64; rv:103.0) Gecko/20100101 Firefox/103.0"
[2022-09-02T02:09:20.333Z]  "GET /home/home.js" "Mozilla/5.0 (X11; Linux x86_64; rv:103.0) Gecko/20100101 Firefox/103.0"
[2022-09-02T02:09:20.598Z]  "GET /resources/thumbnail-gravity-sim.png" "Mozilla/5.0 (X11; Linux x86_64; rv:103.0) Gecko/20100101 Firefox/103.0"
[2022-09-02T02:09:20.620Z]  "GET /favicon.ico" "Mozilla/5.0 (X11; Linux x86_64; rv:103.0) Gecko/20100101 Firefox/103.0"
[2022-09-02T02:09:47.750Z]  "GET /home/" "Mozilla/5.0 (X11; Linux x86_64; rv:103.0) Gecko/20100101 Firefox/103.0"
[2022-09-02T02:09:47.831Z]  "GET /style.css" "Mozilla/5.0 (X11; Linux x86_64; rv:103.0) Gecko/20100101 Firefox/103.0"
[2022-09-02T02:09:47.845Z]  "GET /home/home.css" "Mozilla/5.0 (X11; Linux x86_64; rv:103.0) Gecko/20100101 Firefox/103.0"
[2022-09-02T02:09:47.849Z]  "GET /home/home.js" "Mozilla/5.0 (X11; Linux x86_64; rv:103.0) Gecko/20100101 Firefox/103.0"
[2022-09-02T02:09:48.003Z]  "GET /resources/thumbnail-gravity-sim.png" "Mozilla/5.0 (X11; Linux x86_64; rv:103.0) Gecko/20100101 Firefox/103.0"
[2022-09-02T02:09:48.015Z]  "GET /favicon.ico" "Mozilla/5.0 (X11; Linux x86_64; rv:103.0) Gecko/20100101 Firefox/103.0"
[2022-09-02T02:09:49.293Z]  "GET /home/" "Mozilla/5.0 (X11; Linux x86_64; rv:103.0) Gecko/20100101 Firefox/103.0"
[2022-09-02T02:09:49.388Z]  "GET /style.css" "Mozilla/5.0 (X11; Linux x86_64; rv:103.0) Gecko/20100101 Firefox/103.0"
[2022-09-02T02:09:49.390Z]  "GET /home/home.css" "Mozilla/5.0 (X11; Linux x86_64; rv:103.0) Gecko/20100101 Firefox/103.0"
[2022-09-02T02:09:49.400Z]  "GET /home/home.js" "Mozilla/5.0 (X11; Linux x86_64; rv:103.0) Gecko/20100101 Firefox/103.0"
[2022-09-02T02:09:49.709Z]  "GET /resources/thumbnail-gravity-sim.png" "Mozilla/5.0 (X11; Linux x86_64; rv:103.0) Gecko/20100101 Firefox/103.0"
[2022-09-02T02:09:49.968Z]  "GET /favicon.ico" "Mozilla/5.0 (X11; Linux x86_64; rv:103.0) Gecko/20100101 Firefox/103.0"
[2022-09-02T02:09:50.831Z]  "GET /home/" "Mozilla/5.0 (X11; Linux x86_64; rv:103.0) Gecko/20100101 Firefox/103.0"
[2022-09-02T02:09:50.902Z]  "GET /style.css" "Mozilla/5.0 (X11; Linux x86_64; rv:103.0) Gecko/20100101 Firefox/103.0"
[2022-09-02T02:09:50.903Z]  "GET /home/home.css" "Mozilla/5.0 (X11; Linux x86_64; rv:103.0) Gecko/20100101 Firefox/103.0"
[2022-09-02T02:09:50.906Z]  "GET /home/home.js" "Mozilla/5.0 (X11; Linux x86_64; rv:103.0) Gecko/20100101 Firefox/103.0"
[2022-09-02T02:09:51.091Z]  "GET /resources/thumbnail-gravity-sim.png" "Mozilla/5.0 (X11; Linux x86_64; rv:103.0) Gecko/20100101 Firefox/103.0"
[2022-09-02T02:09:51.136Z]  "GET /favicon.ico" "Mozilla/5.0 (X11; Linux x86_64; rv:103.0) Gecko/20100101 Firefox/103.0"
[2022-09-02T02:09:53.626Z]  "GET /home/" "Mozilla/5.0 (X11; Linux x86_64; rv:103.0) Gecko/20100101 Firefox/103.0"
[2022-09-02T02:09:53.695Z]  "GET /style.css" "Mozilla/5.0 (X11; Linux x86_64; rv:103.0) Gecko/20100101 Firefox/103.0"
[2022-09-02T02:09:53.697Z]  "GET /home/home.css" "Mozilla/5.0 (X11; Linux x86_64; rv:103.0) Gecko/20100101 Firefox/103.0"
[2022-09-02T02:09:53.698Z]  "GET /home/home.js" "Mozilla/5.0 (X11; Linux x86_64; rv:103.0) Gecko/20100101 Firefox/103.0"
[2022-09-02T02:09:53.865Z]  "GET /resources/thumbnail-gravity-sim.png" "Mozilla/5.0 (X11; Linux x86_64; rv:103.0) Gecko/20100101 Firefox/103.0"
[2022-09-02T02:09:53.877Z]  "GET /favicon.ico" "Mozilla/5.0 (X11; Linux x86_64; rv:103.0) Gecko/20100101 Firefox/103.0"
[2022-09-02T02:11:34.866Z]  "GET /home/" "Mozilla/5.0 (X11; Linux x86_64; rv:103.0) Gecko/20100101 Firefox/103.0"
[2022-09-02T02:11:34.950Z]  "GET /style.css" "Mozilla/5.0 (X11; Linux x86_64; rv:103.0) Gecko/20100101 Firefox/103.0"
[2022-09-02T02:11:34.952Z]  "GET /home/home.css" "Mozilla/5.0 (X11; Linux x86_64; rv:103.0) Gecko/20100101 Firefox/103.0"
[2022-09-02T02:11:34.953Z]  "GET /home/home.js" "Mozilla/5.0 (X11; Linux x86_64; rv:103.0) Gecko/20100101 Firefox/103.0"
[2022-09-02T02:11:35.267Z]  "GET /resources/thumbnail-gravity-sim.png" "Mozilla/5.0 (X11; Linux x86_64; rv:103.0) Gecko/20100101 Firefox/103.0"
[2022-09-02T02:11:35.283Z]  "GET /favicon.ico" "Mozilla/5.0 (X11; Linux x86_64; rv:103.0) Gecko/20100101 Firefox/103.0"
[2022-09-02T02:11:39.007Z]  "GET /home/" "Mozilla/5.0 (X11; Linux x86_64; rv:103.0) Gecko/20100101 Firefox/103.0"
[2022-09-02T02:11:39.076Z]  "GET /style.css" "Mozilla/5.0 (X11; Linux x86_64; rv:103.0) Gecko/20100101 Firefox/103.0"
[2022-09-02T02:11:39.077Z]  "GET /home/home.css" "Mozilla/5.0 (X11; Linux x86_64; rv:103.0) Gecko/20100101 Firefox/103.0"
[2022-09-02T02:11:39.085Z]  "GET /home/home.js" "Mozilla/5.0 (X11; Linux x86_64; rv:103.0) Gecko/20100101 Firefox/103.0"
[2022-09-02T02:11:39.241Z]  "GET /resources/thumbnail-gravity-sim.png" "Mozilla/5.0 (X11; Linux x86_64; rv:103.0) Gecko/20100101 Firefox/103.0"
[2022-09-02T02:11:39.270Z]  "GET /favicon.ico" "Mozilla/5.0 (X11; Linux x86_64; rv:103.0) Gecko/20100101 Firefox/103.0"
[2022-09-02T02:11:42.122Z]  "GET /home/" "Mozilla/5.0 (X11; Linux x86_64; rv:103.0) Gecko/20100101 Firefox/103.0"
[2022-09-02T02:11:42.206Z]  "GET /style.css" "Mozilla/5.0 (X11; Linux x86_64; rv:103.0) Gecko/20100101 Firefox/103.0"
[2022-09-02T02:11:42.209Z]  "GET /home/home.css" "Mozilla/5.0 (X11; Linux x86_64; rv:103.0) Gecko/20100101 Firefox/103.0"
[2022-09-02T02:11:42.223Z]  "GET /home/home.js" "Mozilla/5.0 (X11; Linux x86_64; rv:103.0) Gecko/20100101 Firefox/103.0"
[2022-09-02T02:11:42.613Z]  "GET /resources/thumbnail-gravity-sim.png" "Mozilla/5.0 (X11; Linux x86_64; rv:103.0) Gecko/20100101 Firefox/103.0"
[2022-09-02T02:11:42.623Z]  "GET /favicon.ico" "Mozilla/5.0 (X11; Linux x86_64; rv:103.0) Gecko/20100101 Firefox/103.0"
[2022-09-02T02:13:13.164Z]  "GET /home/" "Mozilla/5.0 (X11; Linux x86_64; rv:103.0) Gecko/20100101 Firefox/103.0"
[2022-09-02T02:13:13.244Z]  "GET /style.css" "Mozilla/5.0 (X11; Linux x86_64; rv:103.0) Gecko/20100101 Firefox/103.0"
[2022-09-02T02:13:13.245Z]  "GET /home/home.css" "Mozilla/5.0 (X11; Linux x86_64; rv:103.0) Gecko/20100101 Firefox/103.0"
[2022-09-02T02:13:13.265Z]  "GET /home/home.js" "Mozilla/5.0 (X11; Linux x86_64; rv:103.0) Gecko/20100101 Firefox/103.0"
[2022-09-02T02:13:13.415Z]  "GET /resources/thumbnail-gravity-sim.png" "Mozilla/5.0 (X11; Linux x86_64; rv:103.0) Gecko/20100101 Firefox/103.0"
[2022-09-02T02:13:13.428Z]  "GET /favicon.ico" "Mozilla/5.0 (X11; Linux x86_64; rv:103.0) Gecko/20100101 Firefox/103.0"
[2022-09-02T02:13:15.239Z]  "GET /home/" "Mozilla/5.0 (X11; Linux x86_64; rv:103.0) Gecko/20100101 Firefox/103.0"
[2022-09-02T02:13:15.320Z]  "GET /style.css" "Mozilla/5.0 (X11; Linux x86_64; rv:103.0) Gecko/20100101 Firefox/103.0"
[2022-09-02T02:13:15.322Z]  "GET /home/home.css" "Mozilla/5.0 (X11; Linux x86_64; rv:103.0) Gecko/20100101 Firefox/103.0"
[2022-09-02T02:13:15.325Z]  "GET /home/home.js" "Mozilla/5.0 (X11; Linux x86_64; rv:103.0) Gecko/20100101 Firefox/103.0"
[2022-09-02T02:13:15.528Z]  "GET /resources/thumbnail-gravity-sim.png" "Mozilla/5.0 (X11; Linux x86_64; rv:103.0) Gecko/20100101 Firefox/103.0"
[2022-09-02T02:13:15.543Z]  "GET /favicon.ico" "Mozilla/5.0 (X11; Linux x86_64; rv:103.0) Gecko/20100101 Firefox/103.0"
[2022-09-02T02:14:04.947Z]  "GET /home/" "Mozilla/5.0 (X11; Linux x86_64; rv:103.0) Gecko/20100101 Firefox/103.0"
[2022-09-02T02:14:05.042Z]  "GET /style.css" "Mozilla/5.0 (X11; Linux x86_64; rv:103.0) Gecko/20100101 Firefox/103.0"
[2022-09-02T02:14:05.045Z]  "GET /home/home.css" "Mozilla/5.0 (X11; Linux x86_64; rv:103.0) Gecko/20100101 Firefox/103.0"
[2022-09-02T02:14:05.046Z]  "GET /home/home.js" "Mozilla/5.0 (X11; Linux x86_64; rv:103.0) Gecko/20100101 Firefox/103.0"
[2022-09-02T02:14:05.216Z]  "GET /resources/thumbnail-gravity-sim.png" "Mozilla/5.0 (X11; Linux x86_64; rv:103.0) Gecko/20100101 Firefox/103.0"
[2022-09-02T02:14:05.226Z]  "GET /favicon.ico" "Mozilla/5.0 (X11; Linux x86_64; rv:103.0) Gecko/20100101 Firefox/103.0"
[2022-09-02T02:34:01.426Z]  "GET /home/" "Mozilla/5.0 (X11; Linux x86_64; rv:103.0) Gecko/20100101 Firefox/103.0"
[2022-09-02T02:34:01.553Z]  "GET /style.css" "Mozilla/5.0 (X11; Linux x86_64; rv:103.0) Gecko/20100101 Firefox/103.0"
[2022-09-02T02:34:01.554Z]  "GET /home/home.css" "Mozilla/5.0 (X11; Linux x86_64; rv:103.0) Gecko/20100101 Firefox/103.0"
[2022-09-02T02:34:01.556Z]  "GET /home/home.js" "Mozilla/5.0 (X11; Linux x86_64; rv:103.0) Gecko/20100101 Firefox/103.0"
[2022-09-02T02:34:01.835Z]  "GET /resources/thumbnail-gravity-sim.png" "Mozilla/5.0 (X11; Linux x86_64; rv:103.0) Gecko/20100101 Firefox/103.0"
[2022-09-02T02:34:01.858Z]  "GET /favicon.ico" "Mozilla/5.0 (X11; Linux x86_64; rv:103.0) Gecko/20100101 Firefox/103.0"
[2022-09-02T16:13:21.108Z]  "GET /home/" "Mozilla/5.0 (X11; Linux x86_64; rv:103.0) Gecko/20100101 Firefox/103.0"
[2022-09-02T16:13:21.398Z]  "GET /style.css" "Mozilla/5.0 (X11; Linux x86_64; rv:103.0) Gecko/20100101 Firefox/103.0"
[2022-09-02T16:13:21.401Z]  "GET /home/home.css" "Mozilla/5.0 (X11; Linux x86_64; rv:103.0) Gecko/20100101 Firefox/103.0"
[2022-09-02T16:13:21.404Z]  "GET /home/home.js" "Mozilla/5.0 (X11; Linux x86_64; rv:103.0) Gecko/20100101 Firefox/103.0"
[2022-09-02T16:13:21.891Z]  "GET /resources/thumbnail-gravity-sim.png" "Mozilla/5.0 (X11; Linux x86_64; rv:103.0) Gecko/20100101 Firefox/103.0"
[2022-09-02T16:13:22.215Z]  "GET /favicon.ico" "Mozilla/5.0 (X11; Linux x86_64; rv:103.0) Gecko/20100101 Firefox/103.0"
[2022-09-02T16:15:44.759Z]  "GET /gravity" "Mozilla/5.0 (X11; Linux x86_64; rv:103.0) Gecko/20100101 Firefox/103.0"
[2022-09-02T16:15:44.791Z]  "GET /gravity/" "Mozilla/5.0 (X11; Linux x86_64; rv:103.0) Gecko/20100101 Firefox/103.0"
[2022-09-02T16:15:45.000Z]  "GET /gravity/gravity.css" "Mozilla/5.0 (X11; Linux x86_64; rv:103.0) Gecko/20100101 Firefox/103.0"
[2022-09-02T16:15:45.003Z]  "GET /dat.gui.min.js" "Mozilla/5.0 (X11; Linux x86_64; rv:103.0) Gecko/20100101 Firefox/103.0"
[2022-09-02T16:15:45.007Z]  "GET /gravity/gravity.js" "Mozilla/5.0 (X11; Linux x86_64; rv:103.0) Gecko/20100101 Firefox/103.0"
[2022-09-02T16:15:45.061Z]  "GET /resources/pause.png" "Mozilla/5.0 (X11; Linux x86_64; rv:103.0) Gecko/20100101 Firefox/103.0"
[2022-09-02T16:16:03.566Z]  "GET /wall" "Mozilla/5.0 (X11; Linux x86_64; rv:103.0) Gecko/20100101 Firefox/103.0"
[2022-09-02T16:16:03.598Z]  "GET /wall/" "Mozilla/5.0 (X11; Linux x86_64; rv:103.0) Gecko/20100101 Firefox/103.0"
[2022-09-02T16:16:03.755Z]  "GET /wall/wall.css" "Mozilla/5.0 (X11; Linux x86_64; rv:103.0) Gecko/20100101 Firefox/103.0"
[2022-09-02T16:16:03.768Z]  "GET /wall/wall.js" "Mozilla/5.0 (X11; Linux x86_64; rv:103.0) Gecko/20100101 Firefox/103.0"
[2022-09-02T16:16:17.447Z]  "GET /" "Mozilla/5.0 (X11; Linux x86_64; rv:103.0) Gecko/20100101 Firefox/103.0"
[2022-09-02T16:16:17.571Z]  "GET /home" "Mozilla/5.0 (X11; Linux x86_64; rv:103.0) Gecko/20100101 Firefox/103.0"
[2022-09-02T16:19:03.501Z]  "GET /home/" "Mozilla/5.0 (X11; Linux x86_64; rv:103.0) Gecko/20100101 Firefox/103.0"
[2022-09-02T16:19:03.579Z]  "GET /style.css" "Mozilla/5.0 (X11; Linux x86_64; rv:103.0) Gecko/20100101 Firefox/103.0"
[2022-09-02T16:19:03.591Z]  "GET /home/home.js" "Mozilla/5.0 (X11; Linux x86_64; rv:103.0) Gecko/20100101 Firefox/103.0"
[2022-09-02T16:19:03.592Z]  "GET /home/home.css" "Mozilla/5.0 (X11; Linux x86_64; rv:103.0) Gecko/20100101 Firefox/103.0"
[2022-09-02T16:19:03.882Z]  "GET /resources/thumbnail-gravity-sim.png" "Mozilla/5.0 (X11; Linux x86_64; rv:103.0) Gecko/20100101 Firefox/103.0"
[2022-09-02T16:19:03.891Z]  "GET /favicon.ico" "Mozilla/5.0 (X11; Linux x86_64; rv:103.0) Gecko/20100101 Firefox/103.0"
[2022-09-02T16:19:46.651Z]  "GET /home/" "Mozilla/5.0 (X11; Linux x86_64; rv:103.0) Gecko/20100101 Firefox/103.0"
[2022-09-02T16:19:46.737Z]  "GET /style.css" "Mozilla/5.0 (X11; Linux x86_64; rv:103.0) Gecko/20100101 Firefox/103.0"
[2022-09-02T16:19:46.739Z]  "GET /home/home.css" "Mozilla/5.0 (X11; Linux x86_64; rv:103.0) Gecko/20100101 Firefox/103.0"
[2022-09-02T16:19:46.743Z]  "GET /home/home.js" "Mozilla/5.0 (X11; Linux x86_64; rv:103.0) Gecko/20100101 Firefox/103.0"
[2022-09-02T16:19:46.989Z]  "GET /resources/thumbnail-gravity-sim.png" "Mozilla/5.0 (X11; Linux x86_64; rv:103.0) Gecko/20100101 Firefox/103.0"
[2022-09-02T16:19:47.019Z]  "GET /favicon.ico" "Mozilla/5.0 (X11; Linux x86_64; rv:103.0) Gecko/20100101 Firefox/103.0"
[2022-09-02T16:21:33.641Z]  "GET /home/" "Mozilla/5.0 (X11; Linux x86_64; rv:103.0) Gecko/20100101 Firefox/103.0"
[2022-09-02T16:21:33.741Z]  "GET /style.css" "Mozilla/5.0 (X11; Linux x86_64; rv:103.0) Gecko/20100101 Firefox/103.0"
[2022-09-02T16:21:33.743Z]  "GET /home/home.css" "Mozilla/5.0 (X11; Linux x86_64; rv:103.0) Gecko/20100101 Firefox/103.0"
[2022-09-02T16:21:33.747Z]  "GET /home/home.js" "Mozilla/5.0 (X11; Linux x86_64; rv:103.0) Gecko/20100101 Firefox/103.0"
[2022-09-02T16:21:33.928Z]  "GET /resources/thumbnail-gravity-sim.png" "Mozilla/5.0 (X11; Linux x86_64; rv:103.0) Gecko/20100101 Firefox/103.0"
[2022-09-02T16:21:33.941Z]  "GET /favicon.ico" "Mozilla/5.0 (X11; Linux x86_64; rv:103.0) Gecko/20100101 Firefox/103.0"
[2022-09-02T16:22:40.171Z]  "GET /home/" "Mozilla/5.0 (X11; Linux x86_64; rv:103.0) Gecko/20100101 Firefox/103.0"
[2022-09-02T16:22:40.253Z]  "GET /style.css" "Mozilla/5.0 (X11; Linux x86_64; rv:103.0) Gecko/20100101 Firefox/103.0"
[2022-09-02T16:22:40.256Z]  "GET /home/home.css" "Mozilla/5.0 (X11; Linux x86_64; rv:103.0) Gecko/20100101 Firefox/103.0"
[2022-09-02T16:22:40.257Z]  "GET /home/home.js" "Mozilla/5.0 (X11; Linux x86_64; rv:103.0) Gecko/20100101 Firefox/103.0"
[2022-09-02T16:22:40.447Z]  "GET /resources/thumbnail-gravity-sim.png" "Mozilla/5.0 (X11; Linux x86_64; rv:103.0) Gecko/20100101 Firefox/103.0"
[2022-09-02T16:22:40.458Z]  "GET /favicon.ico" "Mozilla/5.0 (X11; Linux x86_64; rv:103.0) Gecko/20100101 Firefox/103.0"
[2022-09-02T16:27:15.131Z]  "GET /gravity" "Mozilla/5.0 (X11; Linux x86_64; rv:103.0) Gecko/20100101 Firefox/103.0"
[2022-09-02T16:27:15.157Z]  "GET /gravity/" "Mozilla/5.0 (X11; Linux x86_64; rv:103.0) Gecko/20100101 Firefox/103.0"
[2022-09-02T19:28:22.581Z]  "GET /home/" "Mozilla/5.0 (X11; Linux x86_64; rv:103.0) Gecko/20100101 Firefox/103.0"
[2022-09-02T19:28:22.688Z]  "GET /style.css" "Mozilla/5.0 (X11; Linux x86_64; rv:103.0) Gecko/20100101 Firefox/103.0"
[2022-09-02T19:28:22.692Z]  "GET /home/home.js" "Mozilla/5.0 (X11; Linux x86_64; rv:103.0) Gecko/20100101 Firefox/103.0"
[2022-09-02T19:28:22.693Z]  "GET /home/home.css" "Mozilla/5.0 (X11; Linux x86_64; rv:103.0) Gecko/20100101 Firefox/103.0"
[2022-09-02T19:28:22.953Z]  "GET /resources/thumbnail-gravity-sim.png" "Mozilla/5.0 (X11; Linux x86_64; rv:103.0) Gecko/20100101 Firefox/103.0"
[2022-09-02T19:28:22.960Z]  "GET /favicon.ico" "Mozilla/5.0 (X11; Linux x86_64; rv:103.0) Gecko/20100101 Firefox/103.0"
[2022-09-02T19:28:37.832Z]  "GET /home/" "Mozilla/5.0 (X11; Linux x86_64; rv:103.0) Gecko/20100101 Firefox/103.0"
[2022-09-02T19:28:37.895Z]  "GET /style.css" "Mozilla/5.0 (X11; Linux x86_64; rv:103.0) Gecko/20100101 Firefox/103.0"
[2022-09-02T19:28:37.896Z]  "GET /home/home.css" "Mozilla/5.0 (X11; Linux x86_64; rv:103.0) Gecko/20100101 Firefox/103.0"
[2022-09-02T19:28:37.900Z]  "GET /home/home.js" "Mozilla/5.0 (X11; Linux x86_64; rv:103.0) Gecko/20100101 Firefox/103.0"
[2022-09-02T19:28:38.188Z]  "GET /resources/thumbnail-gravity-sim.png" "Mozilla/5.0 (X11; Linux x86_64; rv:103.0) Gecko/20100101 Firefox/103.0"
[2022-09-02T19:28:38.198Z]  "GET /favicon.ico" "Mozilla/5.0 (X11; Linux x86_64; rv:103.0) Gecko/20100101 Firefox/103.0"
[2022-09-02T19:31:07.054Z]  "GET /home/" "Mozilla/5.0 (X11; Linux x86_64; rv:103.0) Gecko/20100101 Firefox/103.0"
[2022-09-02T19:31:07.187Z]  "GET /style.css" "Mozilla/5.0 (X11; Linux x86_64; rv:103.0) Gecko/20100101 Firefox/103.0"
[2022-09-02T19:31:07.187Z]  "GET /home/home.css" "Mozilla/5.0 (X11; Linux x86_64; rv:103.0) Gecko/20100101 Firefox/103.0"
[2022-09-02T19:31:07.191Z]  "GET /home/home.js" "Mozilla/5.0 (X11; Linux x86_64; rv:103.0) Gecko/20100101 Firefox/103.0"
[2022-09-02T19:31:07.392Z]  "GET /resources/thumbnail-gravity-sim.png" "Mozilla/5.0 (X11; Linux x86_64; rv:103.0) Gecko/20100101 Firefox/103.0"
[2022-09-02T19:31:07.405Z]  "GET /favicon.ico" "Mozilla/5.0 (X11; Linux x86_64; rv:103.0) Gecko/20100101 Firefox/103.0"
[2022-09-02T19:32:16.694Z]  "GET /home/" "Mozilla/5.0 (X11; Linux x86_64; rv:103.0) Gecko/20100101 Firefox/103.0"
[2022-09-02T19:32:16.834Z]  "GET /style.css" "Mozilla/5.0 (X11; Linux x86_64; rv:103.0) Gecko/20100101 Firefox/103.0"
[2022-09-02T19:32:16.836Z]  "GET /home/home.css" "Mozilla/5.0 (X11; Linux x86_64; rv:103.0) Gecko/20100101 Firefox/103.0"
[2022-09-02T19:32:16.839Z]  "GET /home/home.js" "Mozilla/5.0 (X11; Linux x86_64; rv:103.0) Gecko/20100101 Firefox/103.0"
[2022-09-02T19:32:17.038Z]  "GET /resources/thumbnail-gravity-sim.png" "Mozilla/5.0 (X11; Linux x86_64; rv:103.0) Gecko/20100101 Firefox/103.0"
[2022-09-02T19:32:17.061Z]  "GET /favicon.ico" "Mozilla/5.0 (X11; Linux x86_64; rv:103.0) Gecko/20100101 Firefox/103.0"
[2022-09-02T19:32:39.404Z]  "GET /home/" "Mozilla/5.0 (X11; Linux x86_64; rv:103.0) Gecko/20100101 Firefox/103.0"
[2022-09-02T19:32:39.639Z]  "GET /style.css" "Mozilla/5.0 (X11; Linux x86_64; rv:103.0) Gecko/20100101 Firefox/103.0"
[2022-09-02T19:32:39.643Z]  "GET /home/home.js" "Mozilla/5.0 (X11; Linux x86_64; rv:103.0) Gecko/20100101 Firefox/103.0"
[2022-09-02T19:32:39.645Z]  "GET /home/home.css" "Mozilla/5.0 (X11; Linux x86_64; rv:103.0) Gecko/20100101 Firefox/103.0"
[2022-09-02T19:32:39.926Z]  "GET /resources/thumbnail-gravity-sim.png" "Mozilla/5.0 (X11; Linux x86_64; rv:103.0) Gecko/20100101 Firefox/103.0"
[2022-09-02T19:32:39.938Z]  "GET /favicon.ico" "Mozilla/5.0 (X11; Linux x86_64; rv:103.0) Gecko/20100101 Firefox/103.0"
[2022-09-02T19:33:52.997Z]  "GET /home/" "Mozilla/5.0 (X11; Linux x86_64; rv:103.0) Gecko/20100101 Firefox/103.0"
[2022-09-02T19:33:53.207Z]  "GET /style.css" "Mozilla/5.0 (X11; Linux x86_64; rv:103.0) Gecko/20100101 Firefox/103.0"
[2022-09-02T19:33:53.208Z]  "GET /home/home.css" "Mozilla/5.0 (X11; Linux x86_64; rv:103.0) Gecko/20100101 Firefox/103.0"
[2022-09-02T19:33:53.213Z]  "GET /home/home.js" "Mozilla/5.0 (X11; Linux x86_64; rv:103.0) Gecko/20100101 Firefox/103.0"
[2022-09-02T19:33:53.557Z]  "GET /resources/thumbnail-gravity-sim.png" "Mozilla/5.0 (X11; Linux x86_64; rv:103.0) Gecko/20100101 Firefox/103.0"
[2022-09-02T19:33:53.578Z]  "GET /favicon.ico" "Mozilla/5.0 (X11; Linux x86_64; rv:103.0) Gecko/20100101 Firefox/103.0"
[2022-09-02T19:34:03.581Z]  "GET /home/" "Mozilla/5.0 (X11; Linux x86_64; rv:103.0) Gecko/20100101 Firefox/103.0"
[2022-09-02T19:34:03.681Z]  "GET /style.css" "Mozilla/5.0 (X11; Linux x86_64; rv:103.0) Gecko/20100101 Firefox/103.0"
[2022-09-02T19:34:03.683Z]  "GET /home/home.css" "Mozilla/5.0 (X11; Linux x86_64; rv:103.0) Gecko/20100101 Firefox/103.0"
[2022-09-02T19:34:03.686Z]  "GET /home/home.js" "Mozilla/5.0 (X11; Linux x86_64; rv:103.0) Gecko/20100101 Firefox/103.0"
[2022-09-02T19:34:03.986Z]  "GET /resources/thumbnail-gravity-sim.png" "Mozilla/5.0 (X11; Linux x86_64; rv:103.0) Gecko/20100101 Firefox/103.0"
[2022-09-02T19:34:04.021Z]  "GET /favicon.ico" "Mozilla/5.0 (X11; Linux x86_64; rv:103.0) Gecko/20100101 Firefox/103.0"
[2022-09-02T19:34:05.860Z]  "GET /home/" "Mozilla/5.0 (X11; Linux x86_64; rv:103.0) Gecko/20100101 Firefox/103.0"
[2022-09-02T19:34:05.953Z]  "GET /style.css" "Mozilla/5.0 (X11; Linux x86_64; rv:103.0) Gecko/20100101 Firefox/103.0"
[2022-09-02T19:34:05.955Z]  "GET /home/home.css" "Mozilla/5.0 (X11; Linux x86_64; rv:103.0) Gecko/20100101 Firefox/103.0"
[2022-09-02T19:34:05.969Z]  "GET /home/home.js" "Mozilla/5.0 (X11; Linux x86_64; rv:103.0) Gecko/20100101 Firefox/103.0"
[2022-09-02T19:34:06.164Z]  "GET /resources/thumbnail-gravity-sim.png" "Mozilla/5.0 (X11; Linux x86_64; rv:103.0) Gecko/20100101 Firefox/103.0"
[2022-09-02T19:34:06.177Z]  "GET /favicon.ico" "Mozilla/5.0 (X11; Linux x86_64; rv:103.0) Gecko/20100101 Firefox/103.0"
[2022-09-02T19:37:38.643Z]  "GET /home/" "Mozilla/5.0 (X11; Linux x86_64; rv:103.0) Gecko/20100101 Firefox/103.0"
[2022-09-02T19:37:38.793Z]  "GET /style.css" "Mozilla/5.0 (X11; Linux x86_64; rv:103.0) Gecko/20100101 Firefox/103.0"
[2022-09-02T19:37:38.796Z]  "GET /home/home.css" "Mozilla/5.0 (X11; Linux x86_64; rv:103.0) Gecko/20100101 Firefox/103.0"
[2022-09-02T19:37:38.800Z]  "GET /home/home.js" "Mozilla/5.0 (X11; Linux x86_64; rv:103.0) Gecko/20100101 Firefox/103.0"
[2022-09-02T19:37:39.185Z]  "GET /resources/thumbnail-gravity-sim.png" "Mozilla/5.0 (X11; Linux x86_64; rv:103.0) Gecko/20100101 Firefox/103.0"
[2022-09-02T19:37:39.372Z]  "GET /favicon.ico" "Mozilla/5.0 (X11; Linux x86_64; rv:103.0) Gecko/20100101 Firefox/103.0"
[2022-09-02T19:39:36.930Z]  "GET /home/" "Mozilla/5.0 (X11; Linux x86_64; rv:103.0) Gecko/20100101 Firefox/103.0"
[2022-09-02T19:39:37.027Z]  "GET /style.css" "Mozilla/5.0 (X11; Linux x86_64; rv:103.0) Gecko/20100101 Firefox/103.0"
[2022-09-02T19:39:37.042Z]  "GET /home/home.css" "Mozilla/5.0 (X11; Linux x86_64; rv:103.0) Gecko/20100101 Firefox/103.0"
[2022-09-02T19:39:37.047Z]  "GET /home/home.js" "Mozilla/5.0 (X11; Linux x86_64; rv:103.0) Gecko/20100101 Firefox/103.0"
[2022-09-02T19:39:37.381Z]  "GET /resources/thumbnail-gravity-sim.png" "Mozilla/5.0 (X11; Linux x86_64; rv:103.0) Gecko/20100101 Firefox/103.0"
[2022-09-02T19:39:37.447Z]  "GET /favicon.ico" "Mozilla/5.0 (X11; Linux x86_64; rv:103.0) Gecko/20100101 Firefox/103.0"
[2022-09-02T19:51:08.732Z]  "GET /home/" "Mozilla/5.0 (X11; Linux x86_64; rv:103.0) Gecko/20100101 Firefox/103.0"
[2022-09-02T19:51:08.881Z]  "GET /style.css" "Mozilla/5.0 (X11; Linux x86_64; rv:103.0) Gecko/20100101 Firefox/103.0"
[2022-09-02T19:51:08.883Z]  "GET /home/home.css" "Mozilla/5.0 (X11; Linux x86_64; rv:103.0) Gecko/20100101 Firefox/103.0"
[2022-09-02T19:51:08.888Z]  "GET /home/home.js" "Mozilla/5.0 (X11; Linux x86_64; rv:103.0) Gecko/20100101 Firefox/103.0"
[2022-09-02T19:51:09.238Z]  "GET /resources/thumbnail-gravity-sim.png" "Mozilla/5.0 (X11; Linux x86_64; rv:103.0) Gecko/20100101 Firefox/103.0"
[2022-09-02T19:51:09.255Z]  "GET /favicon.ico" "Mozilla/5.0 (X11; Linux x86_64; rv:103.0) Gecko/20100101 Firefox/103.0"
[2022-09-02T19:51:09.288Z]  "GET /resources/nerd_face.png" "Mozilla/5.0 (X11; Linux x86_64; rv:103.0) Gecko/20100101 Firefox/103.0"
[2022-09-02T19:51:12.773Z]  "GET /home/" "Mozilla/5.0 (X11; Linux x86_64; rv:103.0) Gecko/20100101 Firefox/103.0"
[2022-09-02T19:51:12.949Z]  "GET /style.css" "Mozilla/5.0 (X11; Linux x86_64; rv:103.0) Gecko/20100101 Firefox/103.0"
[2022-09-02T19:51:12.950Z]  "GET /home/home.css" "Mozilla/5.0 (X11; Linux x86_64; rv:103.0) Gecko/20100101 Firefox/103.0"
[2022-09-02T19:51:12.953Z]  "GET /home/home.js" "Mozilla/5.0 (X11; Linux x86_64; rv:103.0) Gecko/20100101 Firefox/103.0"
[2022-09-02T19:51:13.162Z]  "GET /resources/thumbnail-gravity-sim.png" "Mozilla/5.0 (X11; Linux x86_64; rv:103.0) Gecko/20100101 Firefox/103.0"
[2022-09-02T19:51:13.181Z]  "GET /favicon.ico" "Mozilla/5.0 (X11; Linux x86_64; rv:103.0) Gecko/20100101 Firefox/103.0"
[2022-09-02T19:51:13.266Z]  "GET /resources/nerd_face.png" "Mozilla/5.0 (X11; Linux x86_64; rv:103.0) Gecko/20100101 Firefox/103.0"
[2022-09-02T19:51:16.023Z]  "GET /home/" "Mozilla/5.0 (X11; Linux x86_64; rv:103.0) Gecko/20100101 Firefox/103.0"
[2022-09-02T19:51:16.114Z]  "GET /style.css" "Mozilla/5.0 (X11; Linux x86_64; rv:103.0) Gecko/20100101 Firefox/103.0"
[2022-09-02T19:51:16.117Z]  "GET /home/home.css" "Mozilla/5.0 (X11; Linux x86_64; rv:103.0) Gecko/20100101 Firefox/103.0"
[2022-09-02T19:51:16.118Z]  "GET /home/home.js" "Mozilla/5.0 (X11; Linux x86_64; rv:103.0) Gecko/20100101 Firefox/103.0"
[2022-09-02T19:51:16.302Z]  "GET /resources/thumbnail-gravity-sim.png" "Mozilla/5.0 (X11; Linux x86_64; rv:103.0) Gecko/20100101 Firefox/103.0"
[2022-09-02T19:51:16.314Z]  "GET /favicon.ico" "Mozilla/5.0 (X11; Linux x86_64; rv:103.0) Gecko/20100101 Firefox/103.0"
[2022-09-02T19:51:16.329Z]  "GET /resources/nerd_face.png" "Mozilla/5.0 (X11; Linux x86_64; rv:103.0) Gecko/20100101 Firefox/103.0"
[2022-09-02T19:52:07.028Z]  "GET /home/" "Mozilla/5.0 (X11; Linux x86_64; rv:103.0) Gecko/20100101 Firefox/103.0"
[2022-09-02T19:52:07.181Z]  "GET /style.css" "Mozilla/5.0 (X11; Linux x86_64; rv:103.0) Gecko/20100101 Firefox/103.0"
[2022-09-02T19:52:07.188Z]  "GET /home/home.css" "Mozilla/5.0 (X11; Linux x86_64; rv:103.0) Gecko/20100101 Firefox/103.0"
[2022-09-02T19:52:07.188Z]  "GET /home/home.js" "Mozilla/5.0 (X11; Linux x86_64; rv:103.0) Gecko/20100101 Firefox/103.0"
[2022-09-02T19:52:07.399Z]  "GET /resources/thumbnail-gravity-sim.png" "Mozilla/5.0 (X11; Linux x86_64; rv:103.0) Gecko/20100101 Firefox/103.0"
[2022-09-02T19:52:07.419Z]  "GET /favicon.ico" "Mozilla/5.0 (X11; Linux x86_64; rv:103.0) Gecko/20100101 Firefox/103.0"
[2022-09-02T19:52:07.499Z]  "GET /resources/nerd_face.png" "Mozilla/5.0 (X11; Linux x86_64; rv:103.0) Gecko/20100101 Firefox/103.0"
[2022-09-02T19:52:11.819Z]  "GET /home/" "Mozilla/5.0 (X11; Linux x86_64; rv:103.0) Gecko/20100101 Firefox/103.0"
[2022-09-02T19:52:11.922Z]  "GET /style.css" "Mozilla/5.0 (X11; Linux x86_64; rv:103.0) Gecko/20100101 Firefox/103.0"
[2022-09-02T19:52:11.923Z]  "GET /home/home.css" "Mozilla/5.0 (X11; Linux x86_64; rv:103.0) Gecko/20100101 Firefox/103.0"
[2022-09-02T19:52:11.927Z]  "GET /home/home.js" "Mozilla/5.0 (X11; Linux x86_64; rv:103.0) Gecko/20100101 Firefox/103.0"
[2022-09-02T19:52:12.122Z]  "GET /resources/thumbnail-gravity-sim.png" "Mozilla/5.0 (X11; Linux x86_64; rv:103.0) Gecko/20100101 Firefox/103.0"
[2022-09-02T19:52:12.135Z]  "GET /favicon.ico" "Mozilla/5.0 (X11; Linux x86_64; rv:103.0) Gecko/20100101 Firefox/103.0"
[2022-09-02T19:52:12.151Z]  "GET /resources/nerd_face.png" "Mozilla/5.0 (X11; Linux x86_64; rv:103.0) Gecko/20100101 Firefox/103.0"
[2022-09-02T19:52:14.735Z]  "GET /home/" "Mozilla/5.0 (X11; Linux x86_64; rv:103.0) Gecko/20100101 Firefox/103.0"
[2022-09-02T19:52:14.824Z]  "GET /style.css" "Mozilla/5.0 (X11; Linux x86_64; rv:103.0) Gecko/20100101 Firefox/103.0"
[2022-09-02T19:52:14.825Z]  "GET /home/home.css" "Mozilla/5.0 (X11; Linux x86_64; rv:103.0) Gecko/20100101 Firefox/103.0"
[2022-09-02T19:52:14.844Z]  "GET /home/home.js" "Mozilla/5.0 (X11; Linux x86_64; rv:103.0) Gecko/20100101 Firefox/103.0"
[2022-09-02T19:52:15.040Z]  "GET /resources/thumbnail-gravity-sim.png" "Mozilla/5.0 (X11; Linux x86_64; rv:103.0) Gecko/20100101 Firefox/103.0"
[2022-09-02T19:52:15.056Z]  "GET /favicon.ico" "Mozilla/5.0 (X11; Linux x86_64; rv:103.0) Gecko/20100101 Firefox/103.0"
[2022-09-02T19:52:15.073Z]  "GET /resources/nerd_face.png" "Mozilla/5.0 (X11; Linux x86_64; rv:103.0) Gecko/20100101 Firefox/103.0"
[2022-09-02T19:52:40.119Z]  "GET /home/" "Mozilla/5.0 (X11; Linux x86_64; rv:103.0) Gecko/20100101 Firefox/103.0"
[2022-09-02T19:52:40.241Z]  "GET /style.css" "Mozilla/5.0 (X11; Linux x86_64; rv:103.0) Gecko/20100101 Firefox/103.0"
[2022-09-02T19:52:40.243Z]  "GET /home/home.css" "Mozilla/5.0 (X11; Linux x86_64; rv:103.0) Gecko/20100101 Firefox/103.0"
[2022-09-02T19:52:40.251Z]  "GET /home/home.js" "Mozilla/5.0 (X11; Linux x86_64; rv:103.0) Gecko/20100101 Firefox/103.0"
[2022-09-02T19:52:40.451Z]  "GET /resources/thumbnail-gravity-sim.png" "Mozilla/5.0 (X11; Linux x86_64; rv:103.0) Gecko/20100101 Firefox/103.0"
[2022-09-02T19:52:40.465Z]  "GET /favicon.ico" "Mozilla/5.0 (X11; Linux x86_64; rv:103.0) Gecko/20100101 Firefox/103.0"
[2022-09-02T19:52:40.585Z]  "GET /resources/nerd_face.png" "Mozilla/5.0 (X11; Linux x86_64; rv:103.0) Gecko/20100101 Firefox/103.0"
[2022-09-02T19:52:43.358Z]  "GET /home/" "Mozilla/5.0 (X11; Linux x86_64; rv:103.0) Gecko/20100101 Firefox/103.0"
[2022-09-02T19:52:43.475Z]  "GET /style.css" "Mozilla/5.0 (X11; Linux x86_64; rv:103.0) Gecko/20100101 Firefox/103.0"
[2022-09-02T19:52:43.490Z]  "GET /home/home.css" "Mozilla/5.0 (X11; Linux x86_64; rv:103.0) Gecko/20100101 Firefox/103.0"
[2022-09-02T19:52:43.494Z]  "GET /home/home.js" "Mozilla/5.0 (X11; Linux x86_64; rv:103.0) Gecko/20100101 Firefox/103.0"
[2022-09-02T19:52:43.693Z]  "GET /resources/thumbnail-gravity-sim.png" "Mozilla/5.0 (X11; Linux x86_64; rv:103.0) Gecko/20100101 Firefox/103.0"
[2022-09-02T19:52:43.709Z]  "GET /favicon.ico" "Mozilla/5.0 (X11; Linux x86_64; rv:103.0) Gecko/20100101 Firefox/103.0"
[2022-09-02T19:52:43.780Z]  "GET /resources/nerd_face.png" "Mozilla/5.0 (X11; Linux x86_64; rv:103.0) Gecko/20100101 Firefox/103.0"
[2022-09-02T19:53:12.254Z]  "GET /home/" "Mozilla/5.0 (X11; Linux x86_64; rv:103.0) Gecko/20100101 Firefox/103.0"
[2022-09-02T19:53:12.394Z]  "GET /style.css" "Mozilla/5.0 (X11; Linux x86_64; rv:103.0) Gecko/20100101 Firefox/103.0"
[2022-09-02T19:53:12.403Z]  "GET /home/home.css" "Mozilla/5.0 (X11; Linux x86_64; rv:103.0) Gecko/20100101 Firefox/103.0"
[2022-09-02T19:53:12.406Z]  "GET /home/home.js" "Mozilla/5.0 (X11; Linux x86_64; rv:103.0) Gecko/20100101 Firefox/103.0"
[2022-09-02T19:53:12.587Z]  "GET /resources/thumbnail-gravity-sim.png" "Mozilla/5.0 (X11; Linux x86_64; rv:103.0) Gecko/20100101 Firefox/103.0"
[2022-09-02T19:53:12.603Z]  "GET /favicon.ico" "Mozilla/5.0 (X11; Linux x86_64; rv:103.0) Gecko/20100101 Firefox/103.0"
[2022-09-02T19:53:12.692Z]  "GET /resources/nerd_face.png" "Mozilla/5.0 (X11; Linux x86_64; rv:103.0) Gecko/20100101 Firefox/103.0"
[2022-09-02T21:15:37.154Z]  "GET /home/" "Mozilla/5.0 (X11; Linux x86_64; rv:103.0) Gecko/20100101 Firefox/103.0"
[2022-09-02T21:15:37.303Z]  "GET /style.css" "Mozilla/5.0 (X11; Linux x86_64; rv:103.0) Gecko/20100101 Firefox/103.0"
[2022-09-02T21:15:37.311Z]  "GET /home/home.css" "Mozilla/5.0 (X11; Linux x86_64; rv:103.0) Gecko/20100101 Firefox/103.0"
[2022-09-02T21:15:37.313Z]  "GET /home/home.js" "Mozilla/5.0 (X11; Linux x86_64; rv:103.0) Gecko/20100101 Firefox/103.0"
[2022-09-02T21:15:37.601Z]  "GET /resources/thumbnail-gravity-sim.png" "Mozilla/5.0 (X11; Linux x86_64; rv:103.0) Gecko/20100101 Firefox/103.0"
[2022-09-02T21:15:37.609Z]  "GET /favicon.ico" "Mozilla/5.0 (X11; Linux x86_64; rv:103.0) Gecko/20100101 Firefox/103.0"
[2022-09-02T21:15:37.689Z]  "GET /resources/nerd_face.png" "Mozilla/5.0 (X11; Linux x86_64; rv:103.0) Gecko/20100101 Firefox/103.0"
[2022-09-02T21:15:40.999Z]  "GET /home/" "Mozilla/5.0 (X11; Linux x86_64; rv:103.0) Gecko/20100101 Firefox/103.0"
[2022-09-02T21:15:41.097Z]  "GET /style.css" "Mozilla/5.0 (X11; Linux x86_64; rv:103.0) Gecko/20100101 Firefox/103.0"
[2022-09-02T21:15:41.100Z]  "GET /home/home.css" "Mozilla/5.0 (X11; Linux x86_64; rv:103.0) Gecko/20100101 Firefox/103.0"
[2022-09-02T21:15:41.102Z]  "GET /home/home.js" "Mozilla/5.0 (X11; Linux x86_64; rv:103.0) Gecko/20100101 Firefox/103.0"
[2022-09-02T21:15:41.265Z]  "GET /resources/thumbnail-gravity-sim.png" "Mozilla/5.0 (X11; Linux x86_64; rv:103.0) Gecko/20100101 Firefox/103.0"
[2022-09-02T21:15:41.277Z]  "GET /favicon.ico" "Mozilla/5.0 (X11; Linux x86_64; rv:103.0) Gecko/20100101 Firefox/103.0"
[2022-09-02T21:15:41.308Z]  "GET /resources/nerd_face.png" "Mozilla/5.0 (X11; Linux x86_64; rv:103.0) Gecko/20100101 Firefox/103.0"
[2022-09-02T21:15:44.147Z]  "GET /home/" "Mozilla/5.0 (X11; Linux x86_64; rv:103.0) Gecko/20100101 Firefox/103.0"
[2022-09-02T21:15:44.223Z]  "GET /style.css" "Mozilla/5.0 (X11; Linux x86_64; rv:103.0) Gecko/20100101 Firefox/103.0"
[2022-09-02T21:15:44.224Z]  "GET /home/home.css" "Mozilla/5.0 (X11; Linux x86_64; rv:103.0) Gecko/20100101 Firefox/103.0"
[2022-09-02T21:15:44.227Z]  "GET /home/home.js" "Mozilla/5.0 (X11; Linux x86_64; rv:103.0) Gecko/20100101 Firefox/103.0"
[2022-09-02T21:15:44.417Z]  "GET /resources/thumbnail-gravity-sim.png" "Mozilla/5.0 (X11; Linux x86_64; rv:103.0) Gecko/20100101 Firefox/103.0"
[2022-09-02T21:15:44.433Z]  "GET /favicon.ico" "Mozilla/5.0 (X11; Linux x86_64; rv:103.0) Gecko/20100101 Firefox/103.0"
[2022-09-02T21:15:44.460Z]  "GET /resources/nerd_face.png" "Mozilla/5.0 (X11; Linux x86_64; rv:103.0) Gecko/20100101 Firefox/103.0"
[2022-09-02T21:17:29.094Z]  "GET /home/" "Mozilla/5.0 (X11; Linux x86_64; rv:103.0) Gecko/20100101 Firefox/103.0"
[2022-09-02T21:17:29.185Z]  "GET /style.css" "Mozilla/5.0 (X11; Linux x86_64; rv:103.0) Gecko/20100101 Firefox/103.0"
[2022-09-02T21:17:29.188Z]  "GET /home/home.css" "Mozilla/5.0 (X11; Linux x86_64; rv:103.0) Gecko/20100101 Firefox/103.0"
[2022-09-02T21:17:29.191Z]  "GET /home/home.js" "Mozilla/5.0 (X11; Linux x86_64; rv:103.0) Gecko/20100101 Firefox/103.0"
[2022-09-02T21:17:29.413Z]  "GET /resources/thumbnail-gravity-sim.png" "Mozilla/5.0 (X11; Linux x86_64; rv:103.0) Gecko/20100101 Firefox/103.0"
[2022-09-02T21:17:29.436Z]  "GET /favicon.ico" "Mozilla/5.0 (X11; Linux x86_64; rv:103.0) Gecko/20100101 Firefox/103.0"
[2022-09-02T21:17:29.476Z]  "GET /resources/nerd_face.png" "Mozilla/5.0 (X11; Linux x86_64; rv:103.0) Gecko/20100101 Firefox/103.0"
[2022-09-02T21:17:31.948Z]  "GET /home/" "Mozilla/5.0 (X11; Linux x86_64; rv:103.0) Gecko/20100101 Firefox/103.0"
[2022-09-02T21:17:32.055Z]  "GET /style.css" "Mozilla/5.0 (X11; Linux x86_64; rv:103.0) Gecko/20100101 Firefox/103.0"
[2022-09-02T21:17:32.057Z]  "GET /home/home.css" "Mozilla/5.0 (X11; Linux x86_64; rv:103.0) Gecko/20100101 Firefox/103.0"
[2022-09-02T21:17:32.061Z]  "GET /home/home.js" "Mozilla/5.0 (X11; Linux x86_64; rv:103.0) Gecko/20100101 Firefox/103.0"
[2022-09-02T21:17:32.231Z]  "GET /resources/thumbnail-gravity-sim.png" "Mozilla/5.0 (X11; Linux x86_64; rv:103.0) Gecko/20100101 Firefox/103.0"
[2022-09-02T21:17:32.249Z]  "GET /favicon.ico" "Mozilla/5.0 (X11; Linux x86_64; rv:103.0) Gecko/20100101 Firefox/103.0"
[2022-09-02T21:17:32.261Z]  "GET /resources/nerd_face.png" "Mozilla/5.0 (X11; Linux x86_64; rv:103.0) Gecko/20100101 Firefox/103.0"
[2022-09-02T21:17:34.980Z]  "GET /home/" "Mozilla/5.0 (X11; Linux x86_64; rv:103.0) Gecko/20100101 Firefox/103.0"
[2022-09-02T21:17:35.088Z]  "GET /style.css" "Mozilla/5.0 (X11; Linux x86_64; rv:103.0) Gecko/20100101 Firefox/103.0"
[2022-09-02T21:17:35.090Z]  "GET /home/home.css" "Mozilla/5.0 (X11; Linux x86_64; rv:103.0) Gecko/20100101 Firefox/103.0"
[2022-09-02T21:17:35.094Z]  "GET /home/home.js" "Mozilla/5.0 (X11; Linux x86_64; rv:103.0) Gecko/20100101 Firefox/103.0"
[2022-09-02T21:17:35.366Z]  "GET /resources/thumbnail-gravity-sim.png" "Mozilla/5.0 (X11; Linux x86_64; rv:103.0) Gecko/20100101 Firefox/103.0"
[2022-09-02T21:17:35.376Z]  "GET /favicon.ico" "Mozilla/5.0 (X11; Linux x86_64; rv:103.0) Gecko/20100101 Firefox/103.0"
[2022-09-02T21:17:35.396Z]  "GET /resources/nerd_face.png" "Mozilla/5.0 (X11; Linux x86_64; rv:103.0) Gecko/20100101 Firefox/103.0"
[2022-09-02T21:17:37.667Z]  "GET /home/" "Mozilla/5.0 (X11; Linux x86_64; rv:103.0) Gecko/20100101 Firefox/103.0"
[2022-09-02T21:17:37.735Z]  "GET /style.css" "Mozilla/5.0 (X11; Linux x86_64; rv:103.0) Gecko/20100101 Firefox/103.0"
[2022-09-02T21:17:37.740Z]  "GET /home/home.css" "Mozilla/5.0 (X11; Linux x86_64; rv:103.0) Gecko/20100101 Firefox/103.0"
[2022-09-02T21:17:37.743Z]  "GET /home/home.js" "Mozilla/5.0 (X11; Linux x86_64; rv:103.0) Gecko/20100101 Firefox/103.0"
[2022-09-02T21:17:37.937Z]  "GET /resources/thumbnail-gravity-sim.png" "Mozilla/5.0 (X11; Linux x86_64; rv:103.0) Gecko/20100101 Firefox/103.0"
[2022-09-02T21:17:37.954Z]  "GET /favicon.ico" "Mozilla/5.0 (X11; Linux x86_64; rv:103.0) Gecko/20100101 Firefox/103.0"
[2022-09-02T21:17:37.985Z]  "GET /resources/nerd_face.png" "Mozilla/5.0 (X11; Linux x86_64; rv:103.0) Gecko/20100101 Firefox/103.0"
[2022-09-02T21:18:32.138Z]  "GET /home/" "Mozilla/5.0 (X11; Linux x86_64; rv:103.0) Gecko/20100101 Firefox/103.0"
[2022-09-02T21:18:32.225Z]  "GET /style.css" "Mozilla/5.0 (X11; Linux x86_64; rv:103.0) Gecko/20100101 Firefox/103.0"
[2022-09-02T21:18:32.229Z]  "GET /home/home.css" "Mozilla/5.0 (X11; Linux x86_64; rv:103.0) Gecko/20100101 Firefox/103.0"
[2022-09-02T21:18:32.231Z]  "GET /home/home.js" "Mozilla/5.0 (X11; Linux x86_64; rv:103.0) Gecko/20100101 Firefox/103.0"
[2022-09-02T21:18:32.605Z]  "GET /resources/thumbnail-gravity-sim.png" "Mozilla/5.0 (X11; Linux x86_64; rv:103.0) Gecko/20100101 Firefox/103.0"
[2022-09-02T21:18:32.621Z]  "GET /favicon.ico" "Mozilla/5.0 (X11; Linux x86_64; rv:103.0) Gecko/20100101 Firefox/103.0"
[2022-09-02T21:18:32.681Z]  "GET /resources/nerd_face.png" "Mozilla/5.0 (X11; Linux x86_64; rv:103.0) Gecko/20100101 Firefox/103.0"
[2022-09-02T21:18:34.120Z]  "GET /home/" "Mozilla/5.0 (X11; Linux x86_64; rv:103.0) Gecko/20100101 Firefox/103.0"
[2022-09-02T21:18:34.247Z]  "GET /style.css" "Mozilla/5.0 (X11; Linux x86_64; rv:103.0) Gecko/20100101 Firefox/103.0"
[2022-09-02T21:18:34.249Z]  "GET /home/home.css" "Mozilla/5.0 (X11; Linux x86_64; rv:103.0) Gecko/20100101 Firefox/103.0"
[2022-09-02T21:18:34.265Z]  "GET /home/home.js" "Mozilla/5.0 (X11; Linux x86_64; rv:103.0) Gecko/20100101 Firefox/103.0"
[2022-09-02T21:18:34.487Z]  "GET /resources/thumbnail-gravity-sim.png" "Mozilla/5.0 (X11; Linux x86_64; rv:103.0) Gecko/20100101 Firefox/103.0"
[2022-09-02T21:18:34.505Z]  "GET /favicon.ico" "Mozilla/5.0 (X11; Linux x86_64; rv:103.0) Gecko/20100101 Firefox/103.0"
[2022-09-02T21:18:34.564Z]  "GET /resources/nerd_face.png" "Mozilla/5.0 (X11; Linux x86_64; rv:103.0) Gecko/20100101 Firefox/103.0"
[2022-09-02T21:18:35.970Z]  "GET /home/" "Mozilla/5.0 (X11; Linux x86_64; rv:103.0) Gecko/20100101 Firefox/103.0"
[2022-09-02T21:18:36.092Z]  "GET /style.css" "Mozilla/5.0 (X11; Linux x86_64; rv:103.0) Gecko/20100101 Firefox/103.0"
[2022-09-02T21:18:36.093Z]  "GET /home/home.css" "Mozilla/5.0 (X11; Linux x86_64; rv:103.0) Gecko/20100101 Firefox/103.0"
[2022-09-02T21:18:36.098Z]  "GET /home/home.js" "Mozilla/5.0 (X11; Linux x86_64; rv:103.0) Gecko/20100101 Firefox/103.0"
[2022-09-02T21:18:36.400Z]  "GET /resources/thumbnail-gravity-sim.png" "Mozilla/5.0 (X11; Linux x86_64; rv:103.0) Gecko/20100101 Firefox/103.0"
[2022-09-02T21:18:36.415Z]  "GET /favicon.ico" "Mozilla/5.0 (X11; Linux x86_64; rv:103.0) Gecko/20100101 Firefox/103.0"
[2022-09-02T21:18:36.426Z]  "GET /resources/nerd_face.png" "Mozilla/5.0 (X11; Linux x86_64; rv:103.0) Gecko/20100101 Firefox/103.0"
[2022-09-02T21:18:37.883Z]  "GET /home/" "Mozilla/5.0 (X11; Linux x86_64; rv:103.0) Gecko/20100101 Firefox/103.0"
[2022-09-02T21:18:38.096Z]  "GET /style.css" "Mozilla/5.0 (X11; Linux x86_64; rv:103.0) Gecko/20100101 Firefox/103.0"
[2022-09-02T21:18:38.097Z]  "GET /home/home.css" "Mozilla/5.0 (X11; Linux x86_64; rv:103.0) Gecko/20100101 Firefox/103.0"
[2022-09-02T21:18:38.100Z]  "GET /home/home.js" "Mozilla/5.0 (X11; Linux x86_64; rv:103.0) Gecko/20100101 Firefox/103.0"
[2022-09-02T21:18:38.284Z]  "GET /resources/thumbnail-gravity-sim.png" "Mozilla/5.0 (X11; Linux x86_64; rv:103.0) Gecko/20100101 Firefox/103.0"
[2022-09-02T21:18:38.300Z]  "GET /favicon.ico" "Mozilla/5.0 (X11; Linux x86_64; rv:103.0) Gecko/20100101 Firefox/103.0"
[2022-09-02T21:18:38.319Z]  "GET /resources/nerd_face.png" "Mozilla/5.0 (X11; Linux x86_64; rv:103.0) Gecko/20100101 Firefox/103.0"
[2022-09-02T21:18:40.051Z]  "GET /home/" "Mozilla/5.0 (X11; Linux x86_64; rv:103.0) Gecko/20100101 Firefox/103.0"
[2022-09-02T21:18:40.233Z]  "GET /style.css" "Mozilla/5.0 (X11; Linux x86_64; rv:103.0) Gecko/20100101 Firefox/103.0"
[2022-09-02T21:18:40.235Z]  "GET /home/home.css" "Mozilla/5.0 (X11; Linux x86_64; rv:103.0) Gecko/20100101 Firefox/103.0"
[2022-09-02T21:18:40.249Z]  "GET /home/home.js" "Mozilla/5.0 (X11; Linux x86_64; rv:103.0) Gecko/20100101 Firefox/103.0"
[2022-09-02T21:18:40.666Z]  "GET /resources/thumbnail-gravity-sim.png" "Mozilla/5.0 (X11; Linux x86_64; rv:103.0) Gecko/20100101 Firefox/103.0"
[2022-09-02T21:18:40.771Z]  "GET /favicon.ico" "Mozilla/5.0 (X11; Linux x86_64; rv:103.0) Gecko/20100101 Firefox/103.0"
[2022-09-02T21:18:40.818Z]  "GET /resources/nerd_face.png" "Mozilla/5.0 (X11; Linux x86_64; rv:103.0) Gecko/20100101 Firefox/103.0"
[2022-09-02T21:18:50.588Z]  "GET /home/" "Mozilla/5.0 (X11; Linux x86_64; rv:103.0) Gecko/20100101 Firefox/103.0"
[2022-09-02T21:18:50.688Z]  "GET /style.css" "Mozilla/5.0 (X11; Linux x86_64; rv:103.0) Gecko/20100101 Firefox/103.0"
[2022-09-02T21:18:50.689Z]  "GET /home/home.css" "Mozilla/5.0 (X11; Linux x86_64; rv:103.0) Gecko/20100101 Firefox/103.0"
[2022-09-02T21:18:50.693Z]  "GET /home/home.js" "Mozilla/5.0 (X11; Linux x86_64; rv:103.0) Gecko/20100101 Firefox/103.0"
[2022-09-02T21:18:50.879Z]  "GET /resources/thumbnail-gravity-sim.png" "Mozilla/5.0 (X11; Linux x86_64; rv:103.0) Gecko/20100101 Firefox/103.0"
[2022-09-02T21:18:50.892Z]  "GET /favicon.ico" "Mozilla/5.0 (X11; Linux x86_64; rv:103.0) Gecko/20100101 Firefox/103.0"
[2022-09-02T21:18:50.937Z]  "GET /resources/nerd_face.png" "Mozilla/5.0 (X11; Linux x86_64; rv:103.0) Gecko/20100101 Firefox/103.0"
[2022-09-02T21:19:30.828Z]  "GET /gravity" "Mozilla/5.0 (X11; Linux x86_64; rv:103.0) Gecko/20100101 Firefox/103.0"
[2022-09-02T21:19:30.892Z]  "GET /gravity/" "Mozilla/5.0 (X11; Linux x86_64; rv:103.0) Gecko/20100101 Firefox/103.0"
[2022-09-02T21:19:31.106Z]  "GET /gravity/gravity.css" "Mozilla/5.0 (X11; Linux x86_64; rv:103.0) Gecko/20100101 Firefox/103.0"
[2022-09-02T21:19:31.108Z]  "GET /dat.gui.min.js" "Mozilla/5.0 (X11; Linux x86_64; rv:103.0) Gecko/20100101 Firefox/103.0"
[2022-09-02T21:19:31.110Z]  "GET /gravity/gravity.js" "Mozilla/5.0 (X11; Linux x86_64; rv:103.0) Gecko/20100101 Firefox/103.0"
[2022-09-02T21:19:31.136Z]  "GET /resources/pause.png" "Mozilla/5.0 (X11; Linux x86_64; rv:103.0) Gecko/20100101 Firefox/103.0"
[2022-09-02T21:19:33.377Z]  "GET /" "Mozilla/5.0 (X11; Linux x86_64; rv:103.0) Gecko/20100101 Firefox/103.0"
[2022-09-02T21:19:33.532Z]  "GET /home" "Mozilla/5.0 (X11; Linux x86_64; rv:103.0) Gecko/20100101 Firefox/103.0"
